cp: target '/hkfs/work/workspace/scratch/ke4365-summa/experiments/scaling/noloading_strong_scaling/6_16tflop/one/src' is not a directory
Restoring modules from user's pangu, for system: "hk"
/hkfs/work/workspace/scratch/ke4365-summa/.venv/bin/python
MASTER_ADDR=hkn0524
GpuFreq=control_disabled
Rank 0: world_size 1, slurm_localid 0
Rank 0/1: Process group initialized with torch rank 0 and torch world size 1.
Model parameters {'hidden_dim': 4896, 'spatial_hidden_dim_fraction': 0.5, 'features_hidden_dim_fraction': 1, 'mixing_blocks': 3, 'model_parallel': False, 'patch_size': 60, 'stride': 60, 'add': False, 'positional_encoding': False, 'patch_embed': 1, 'latent_rollout': 1, 'upt': False, 'concat': True, 'linear_residual': True, 'dropout': 0.001}
Training subset size 1250
Reading from /hkfs/work/workspace/scratch/ke4365-era5_data/era5_subset.zarr
model has 1101.500346 million parameters
Estimated forward TFLOPs and GB_COMM: 15.956386952904, 2.4571791887283325
[Errno 2] No such file or directory: '/hkfs/work/workspace/scratch/ke4365-summa/experiments/scaling/strong_scaling/one_billion/one'
Initializing model from scratch
Epoch 0 time [min]: 14.818215624999999
Epoch 1 time [min]: 14.821522916666668
Epoch 2 time [min]: 14.82991875
Epoch 3 time [min]: 14.82615625
Epoch 4 time [min]: 14.821323958333332
Epoch 5 time [min]: 14.837528125
Epoch 6 time [min]: 14.846045833333333
Epoch 7 time [min]: 14.826901041666668
Epoch 8 time [min]: 14.853577083333333
Epoch 9 time [min]: 14.84566875
Epoch 10 time [min]: 14.84321875
Average epoch time is 14.833643371212121
Std epoch time is 0.011499566678340534

============================= JOB FEEDBACK =============================

Job ID: 2994245
Cluster: hk
User/Group: ke4365/hk-project-epais
Account: hk-project-p0021348
State: COMPLETED (exit code 0)
Partition: accelerated
Nodes: 1
Cores per node: 152
Nodelist: hkn0524
CPU Utilized: 02:45:14
CPU Efficiency: 0.66% of 17-10:38:00 core-walltime
Job Wall-clock time: 02:45:15
Starttime: Tue Mar 18 13:25:58 2025
Endtime: Tue Mar 18 16:11:13 2025
Memory Utilized: 6.32 GB
Memory Efficiency: 0.00% of 0.00 MB
Energy Consumed: 8069264 Joule / 2241.46222222222 Watthours
Average node power draw: 813.844074634392 Watt
