cp: target '/hkfs/work/workspace/scratch/ke4365-summa/experiments/scaling/noloading_strong_scaling/8_32tflop/two/src' is not a directory
Restoring modules from user's pangu, for system: "hk"
/hkfs/work/workspace/scratch/ke4365-summa/.venv/bin/python
MASTER_ADDR=hkn0435
GpuFreq=control_disabled
Rank 1: world_size 2, slurm_localid 1
Rank 0: world_size 2, slurm_localid 0
Rank 1/2: Process group initialized with torch rank 1 and torch world size 2.
Rank 0/2: Process group initialized with torch rank 0 and torch world size 2.
Model parameters {'hidden_dim': 6064, 'spatial_hidden_dim_fraction': 1, 'features_hidden_dim_fraction': 1, 'mixing_blocks': 3, 'model_parallel': True, 'patch_size': 60, 'stride': 60, 'add': False, 'positional_encoding': False, 'patch_embed': 1, 'latent_rollout': 1, 'upt': False, 'concat': True, 'linear_residual': True, 'dropout': 0.001}
Training subset size 1250
Reading from /hkfs/work/workspace/scratch/ke4365-era5_data/era5_subset.zarr
model has 2091.058632 million parameters
Estimated forward TFLOPs and GB_COMM: 32.09076639436, 3.814820408821106
[Errno 2] No such file or directory: '/hkfs/work/workspace/scratch/ke4365-summa/experiments/scaling/strong_scaling/one_billion/one/model_0.pt'
Initializing model from scratch
[Errno 2] No such file or directory: '/hkfs/work/workspace/scratch/ke4365-summa/experiments/scaling/strong_scaling/one_billion/one/model_1.pt'
Rank 0 running on CPU core: 20 Allocated GPU(s):, 0,1
Rank 1 running on CPU core: 38 Allocated GPU(s):, 0,1
/hkfs/work/workspace/scratch/ke4365-summa/.venv/lib64/python3.11/site-packages/torch/autograd/function.py:575: UserWarning: TORCH_NCCL_AVOID_RECORD_STREAMS=1 has no effect for point-to-point collectives. (Triggered internally at /pytorch/torch/csrc/distributed/c10d/ProcessGroupNCCL.cpp:3436.)
  return super().apply(*args, **kwargs)  # type: ignore[misc]
/hkfs/work/workspace/scratch/ke4365-summa/.venv/lib64/python3.11/site-packages/torch/autograd/function.py:575: UserWarning: TORCH_NCCL_AVOID_RECORD_STREAMS=1 has no effect for point-to-point collectives. (Triggered internally at /pytorch/torch/csrc/distributed/c10d/ProcessGroupNCCL.cpp:3436.)
  return super().apply(*args, **kwargs)  # type: ignore[misc]
Epoch 0 time [min]: 15.782297916666666
Epoch 1 time [min]: 15.783562499999999
Epoch 2 time [min]: 15.806370833333334
Epoch 3 time [min]: 15.973526041666666
Epoch 4 time [min]: 15.98011875
Epoch 5 time [min]: 15.983789583333333
Epoch 6 time [min]: 16.022884375
Epoch 7 time [min]: 15.9666625
Epoch 8 time [min]: 15.950877083333333
Epoch 9 time [min]: 15.959155208333334
Epoch 10 time [min]: 15.993079166666666
Average epoch time is 15.92748399621212
Std epoch time is 0.0858172558439302

============================= JOB FEEDBACK =============================

Job ID: 2994328
Cluster: hk
User/Group: ke4365/hk-project-epais
Account: hk-project-p0021348
State: COMPLETED (exit code 0)
Partition: accelerated
Nodes: 1
Cores per node: 152
Nodelist: hkn0435
CPU Utilized: 04:55:00
CPU Efficiency: 1.10% of 18-15:46:00 core-walltime
Job Wall-clock time: 02:56:45
Starttime: Tue Mar 18 13:46:00 2025
Endtime: Tue Mar 18 16:42:45 2025
Memory Utilized: 8.62 GB (estimated maximum)
Memory Efficiency: 0.00% of 0.00 MB (0.00 MB/node)
Energy Consumed: 11051191 Joule / 3069.77527777778 Watthours
Average node power draw: 1042.07364450731 Watt
