cp: target '/hkfs/work/workspace/scratch/ke4365-summa/experiments/scaling/fp32_noloading/6_16tflop/one/src' is not a directory
Restoring modules from user's pangu, for system: "hk"
/hkfs/work/workspace/scratch/ke4365-summa/.venv/bin/python
MASTER_ADDR=hkn0434
GpuFreq=control_disabled
Rank 0: world_size 1, slurm_localid 0
Rank 0/1: Process group initialized with torch rank 0 and torch world size 1.
Model parameters {'hidden_dim': 4896, 'spatial_hidden_dim_fraction': 0.5, 'features_hidden_dim_fraction': 1, 'mixing_blocks': 3, 'model_parallel': False, 'patch_size': 60, 'stride': 60, 'add': False, 'positional_encoding': False, 'patch_embed': 1, 'latent_rollout': 1, 'upt': False, 'concat': True, 'linear_residual': True, 'dropout': 0.001}
Training subset size 500
Reading from /hkfs/work/workspace/scratch/ke4365-era5_data/era5_subset.zarr
model has 1101.500346 million parameters
Estimated forward TFLOPs and GB_COMM: 15.956386952904, 2.4571791887283325
[Errno 2] No such file or directory: '/hkfs/work/workspace/scratch/ke4365-summa/experiments/scaling/strong_scaling/one_billion/one'
Initializing model from scratch
Epoch 0 time [min]: 25.209735416666668
Epoch 1 time [min]: 25.20900625
Epoch 2 time [min]: 25.24197708333333
Epoch 3 time [min]: 25.17664166666667
Epoch 4 time [min]: 25.266841666666668
Epoch 5 time [min]: 25.254849999999998
Epoch 6 time [min]: 25.240356249999998
Epoch 7 time [min]: 25.229356250000002
Epoch 8 time [min]: 25.198447916666666
Epoch 9 time [min]: 25.23720625
Epoch 10 time [min]: 25.19534375
Average epoch time is 25.223614772727274
Std epoch time is 0.026499549968998122

============================= JOB FEEDBACK =============================

Job ID: 2994757
Cluster: hk
User/Group: ke4365/hk-project-epais
Account: hk-project-p0021348
State: COMPLETED (exit code 0)
Partition: accelerated
Nodes: 1
Cores per node: 152
Nodelist: hkn0434
CPU Utilized: 05:04:05
CPU Efficiency: 0.71% of 29-13:45:20 core-walltime
Job Wall-clock time: 04:40:10
Starttime: Tue Mar 18 15:49:03 2025
Endtime: Tue Mar 18 20:29:13 2025
Memory Utilized: 41.21 GB
Memory Efficiency: 0.00% of 0.00 MB
Energy Consumed: 13709606 Joule / 3808.22388888889 Watthours
Average node power draw: 815.56252230815 Watt
