cp: target '/hkfs/work/workspace/scratch/ke4365-summa/experiments/scaling/DDP/node_1/one/src' is not a directory
Restoring modules from user's pangu, for system: "hk"
/hkfs/work/workspace/scratch/ke4365-summa/.venv/bin/python
MASTER_ADDR=hkn0705
GpuFreq=control_disabled
Rank 0: world_size 1, slurm_localid 0
Rank 0/1: Process group initialized with torch rank 0 and torch world size 1.
Training parameters {'lr': 0.0001, 'lr_embedding': 2e-05, 'lr_recovery': 2e-05, 'loss': 'L2', 'lr_constant': False, 'train_batch': 1, 'valid_batch': 1, 'identity': False, 'grad_clip': 1, 'save_dir': '/hkfs/work/workspace/scratch/ke4365-summa/experiments/scaling/equivalent_usage/larger_dataset/one', 'preload': False, 'file_path': '/hkfs/work/workspace/scratch/ke4365-summa/experiments/scaling/equivalent_usage/larger_dataset/one', 'load_path': '/hkfs/work/workspace/scratch/ke4365-summa/experiments/scaling/equivalent_usage/larger_dataset/one/model_0.pt', 'area_weighted': True, 'print': False, 'tf32': True}
Model parameters {'hidden_dim': 4320, 'spatial_hidden_dim_fraction': 0.5, 'features_hidden_dim_fraction': 1, 'mixing_blocks': 3, 'model_parallel': False, 'patch_size': 60, 'stride': 60, 'add': False, 'positional_encoding': False, 'patch_embed': 1, 'latent_rollout': 1, 'upt': False, 'concat': True, 'linear_residual': True, 'dropout': 0.001}
Training subset size 100
Reading from /hkfs/work/workspace/scratch/ke4365-era5_data/era5_subset.zarr
model has 1062.380154 million parameters
Estimated forward TFLOPs and GB_COMM: 13.565698672392001, 2.2768832445144653
Epoch 0 time [min]: 1.2911161458333333
Epoch 1 time [min]: 1.1573420572916668
Epoch 2 time [min]: 1.1980703125
Epoch 3 time [min]: 1.1638559895833334
Epoch 4 time [min]: 1.1759259114583334
Epoch 5 time [min]: 1.2028225260416667
Epoch 6 time [min]: 1.166473828125
Epoch 7 time [min]: 1.1601421875
Epoch 8 time [min]: 1.1806118489583333
Epoch 9 time [min]: 1.18855234375
Epoch 10 time [min]: 1.1982608072916667
Average epoch time is 1.1893794507575757
Std epoch time is 0.0356770366662222

============================= JOB FEEDBACK =============================

Job ID: 2999412
Cluster: hk
User/Group: ke4365/hk-project-epais
Account: hk-project-p0021348
State: COMPLETED (exit code 0)
Partition: accelerated
Nodes: 1
Cores per node: 152
Nodelist: hkn0705
CPU Utilized: 01:12:03
CPU Efficiency: 3.27% of 1-12:44:00 core-walltime
Job Wall-clock time: 00:14:30
Starttime: Wed Mar 19 15:32:26 2025
Endtime: Wed Mar 19 15:46:56 2025
Memory Utilized: 66.45 GB
Memory Efficiency: 0.00% of 0.00 MB
Energy Consumed: 683375 Joule / 189.826388888889 Watthours
Average node power draw: 785.488505747126 Watt
