cp: target '/hkfs/work/workspace/scratch/ke4365-summa/experiments/scaling/fp32_noloading/2_1tflop/one/src' is not a directory
Restoring modules from user's pangu, for system: "hk"
/hkfs/work/workspace/scratch/ke4365-summa/.venv/bin/python
MASTER_ADDR=hkn0626
GpuFreq=control_disabled
Rank 0: world_size 1, slurm_localid 0
Rank 0/1: Process group initialized with torch rank 0 and torch world size 1.
Model parameters {'hidden_dim': 1024, 'spatial_hidden_dim_fraction': 0.125, 'features_hidden_dim_fraction': 0.25, 'mixing_blocks': 3, 'model_parallel': False, 'patch_size': 60, 'stride': 60, 'add': False, 'positional_encoding': False, 'patch_embed': 1, 'latent_rollout': 1, 'upt': False, 'concat': True, 'linear_residual': True, 'dropout': 0.001}
Training subset size 500
Reading from /hkfs/work/workspace/scratch/ke4365-era5_data/era5_subset.zarr
model has 238.511658 million parameters
Estimated forward TFLOPs and GB_COMM: 0.992984623096, 0.6307851076126099
[Errno 2] No such file or directory: '/hkfs/work/workspace/scratch/ke4365-summa/experiments/scaling/strong_scaling/hunderd_million/one'
Initializing model from scratch
Epoch 0 time [min]: 2.2873395833333334
Epoch 1 time [min]: 2.282391145833333
Epoch 2 time [min]: 2.2843330729166667
Epoch 3 time [min]: 2.282532291666667
Epoch 4 time [min]: 2.2839015625
Epoch 5 time [min]: 2.2820914062499997
Epoch 6 time [min]: 2.283984375
Epoch 7 time [min]: 2.28409453125
Epoch 8 time [min]: 2.28456796875
Epoch 9 time [min]: 2.285405729166667
Epoch 10 time [min]: 2.28154296875
Average epoch time is 2.2838349668560607
Std epoch time is 0.0015869927095300382

============================= JOB FEEDBACK =============================

Job ID: 2972938
Cluster: hk
User/Group: ke4365/hk-project-epais
Account: hk-project-p0021348
State: COMPLETED (exit code 0)
Partition: accelerated
Nodes: 1
Cores per node: 152
Nodelist: hkn0626
CPU Utilized: 00:53:07
CPU Efficiency: 1.26% of 2-22:18:00 core-walltime
Job Wall-clock time: 00:27:45
Starttime: Sat Mar  8 16:53:56 2025
Endtime: Sat Mar  8 17:21:41 2025
Memory Utilized: 41.43 GB
Memory Efficiency: 0.00% of 0.00 MB
Energy Consumed: 1341105 Joule / 372.529166666667 Watthours
Average node power draw: 805.468468468468 Watt
