cp: target '/hkfs/work/workspace/scratch/ke4365-summa/experiments/scaling/strong_scaling/6_16tflop/two/src' is not a directory
Restoring modules from user's pangu, for system: "hk"
/hkfs/work/workspace/scratch/ke4365-summa/.venv/bin/python
MASTER_ADDR=hkn0521
GpuFreq=control_disabled
Rank 0: world_size 2, slurm_localid 0
Rank 1: world_size 2, slurm_localid 1
Rank 1/2: Process group initialized with torch rank 1 and torch world size 2.
Rank 0/2: Process group initialized with torch rank 0 and torch world size 2.
Training parameters {'lr': 0.0001, 'lr_embedding': 2e-05, 'lr_recovery': 2e-05, 'loss': 'L2', 'lr_constant': False, 'train_batch': 1, 'valid_batch': 1, 'identity': False, 'grad_clip': 10, 'save_dir': '/hkfs/work/workspace/scratch/ke4365-summa/experiments/scaling/strong_scaling/one_billion/one', 'preload': False, 'file_path': '/hkfs/work/workspace/scratch/ke4365-summa/experiments/scaling/strong_scaling/one_billion/one', 'load_path': '/hkfs/work/workspace/scratch/ke4365-summa/experiments/scaling/strong_scaling/one_billion/one', 'area_weighted': True, 'print': True, 'tf32': True}
Model parameters {'hidden_dim': 4896, 'spatial_hidden_dim_fraction': 0.5, 'features_hidden_dim_fraction': 1, 'mixing_blocks': 3, 'model_parallel': True, 'patch_size': 60, 'stride': 60, 'add': False, 'positional_encoding': False, 'patch_embed': 1, 'latent_rollout': 1, 'upt': False, 'concat': True, 'linear_residual': True, 'dropout': 0.001}
Training subset size 1250
Reading from /hkfs/work/workspace/scratch/ke4365-era5_data/era5_subset.zarr
[Errno 2] No such file or directory: '/hkfs/work/workspace/scratch/ke4365-summa/experiments/scaling/strong_scaling/one_billion/one/model_1.pt'
Rank 1 running on CPU core: 116 Allocated GPU(s):, 0,1
model has 1103.268024 million parameters
Estimated forward TFLOPs and GB_COMM: 15.956386952904, 2.4571791887283325
[Errno 2] No such file or directory: '/hkfs/work/workspace/scratch/ke4365-summa/experiments/scaling/strong_scaling/one_billion/one/model_0.pt'
Initializing model from scratch
Rank 0 running on CPU core: 113 Allocated GPU(s):, 0,1
/hkfs/work/workspace/scratch/ke4365-summa/.venv/lib64/python3.11/site-packages/torch/autograd/function.py:575: UserWarning: TORCH_NCCL_AVOID_RECORD_STREAMS=1 has no effect for point-to-point collectives. (Triggered internally at /pytorch/torch/csrc/distributed/c10d/ProcessGroupNCCL.cpp:3436.)
  return super().apply(*args, **kwargs)  # type: ignore[misc]
/hkfs/work/workspace/scratch/ke4365-summa/.venv/lib64/python3.11/site-packages/torch/autograd/function.py:575: UserWarning: TORCH_NCCL_AVOID_RECORD_STREAMS=1 has no effect for point-to-point collectives. (Triggered internally at /pytorch/torch/csrc/distributed/c10d/ProcessGroupNCCL.cpp:3436.)
  return super().apply(*args, **kwargs)  # type: ignore[misc]
Epoch 0 time [min]: 9.232660416666667
Epoch 1 time [min]: 9.155664583333333
Epoch 2 time [min]: 9.158039583333334
Epoch 3 time [min]: 9.159984374999999
Epoch 4 time [min]: 9.160455208333333
Epoch 5 time [min]: 9.168986458333334
Epoch 6 time [min]: 9.168967708333334
Epoch 7 time [min]: 9.170873958333335
Epoch 8 time [min]: 9.163911458333333
Epoch 9 time [min]: 9.15700625
Epoch 10 time [min]: 9.153503124999999
Average epoch time is 9.161739270833333
Std epoch time is 0.005817959485216496

============================= JOB FEEDBACK =============================

Job ID: 2995507
Cluster: hk
User/Group: ke4365/hk-project-epais
Account: hk-project-p0021348
State: COMPLETED (exit code 0)
Partition: accelerated
Nodes: 1
Cores per node: 152
Nodelist: hkn0521
CPU Utilized: 14:50:26
CPU Efficiency: 5.73% of 10-18:49:20 core-walltime
Job Wall-clock time: 01:42:10
Starttime: Tue Mar 18 19:40:31 2025
Endtime: Tue Mar 18 21:22:41 2025
Memory Utilized: 69.03 GB (estimated maximum)
Memory Efficiency: 0.00% of 0.00 MB (0.00 MB/node)
Energy Consumed: 7122870 Joule / 1978.575 Watthours
Average node power draw: 1161.96900489396 Watt
