cp: target '/hkfs/work/workspace/scratch/ke4365-summa/experiments/scaling/fp32_noloading/8_32tflop/four/src' is not a directory
Restoring modules from user's pangu, for system: "hk"
/hkfs/work/workspace/scratch/ke4365-summa/.venv/bin/python
MASTER_ADDR=hkn0813
GpuFreq=control_disabled
Rank 0: world_size 4, slurm_localid 0
Rank 1: world_size 4, slurm_localid 1
Rank 2: world_size 4, slurm_localid 2
Rank 3: world_size 4, slurm_localid 3
Rank 3/4: Process group initialized with torch rank 3 and torch world size 4.
Rank 2/4: Process group initialized with torch rank 2 and torch world size 4.
Rank 1/4: Process group initialized with torch rank 1 and torch world size 4.
Rank 0/4: Process group initialized with torch rank 0 and torch world size 4.
Model parameters {'hidden_dim': 6064, 'spatial_hidden_dim_fraction': 1, 'features_hidden_dim_fraction': 1, 'mixing_blocks': 3, 'model_parallel': True, 'patch_size': 60, 'stride': 60, 'add': False, 'positional_encoding': False, 'patch_embed': 1, 'latent_rollout': 1, 'upt': False, 'concat': True, 'linear_residual': True, 'dropout': 0.001}
Training subset size 500
Reading from /hkfs/work/workspace/scratch/ke4365-era5_data/era5_subset.zarr
[Errno 2] No such file or directory: '/hkfs/work/workspace/scratch/ke4365-summa/experiments/scaling/strong_scaling/one_billion/one/model_1.pt'
[Errno 2] No such file or directory: '/hkfs/work/workspace/scratch/ke4365-summa/experiments/scaling/strong_scaling/one_billion/one/model_1.pt'
Rank 3 running on CPU core: 44 Allocated GPU(s):, 0,1,2,3
[Errno 2] No such file or directory: '/hkfs/work/workspace/scratch/ke4365-summa/experiments/scaling/strong_scaling/one_billion/one/model_0.pt'
Rank 1 running on CPU core: 0 Allocated GPU(s):, 0,1,2,3
Rank 2 running on CPU core: 38 Allocated GPU(s):, 0,1,2,3
model has 2091.29448 million parameters
Estimated forward TFLOPs and GB_COMM: 32.09076639436, 3.814820408821106
[Errno 2] No such file or directory: '/hkfs/work/workspace/scratch/ke4365-summa/experiments/scaling/strong_scaling/one_billion/one/model_0.pt'
Initializing model from scratch
Rank 0 running on CPU core: 49 Allocated GPU(s):, 0,1,2,3
/hkfs/work/workspace/scratch/ke4365-summa/.venv/lib64/python3.11/site-packages/torch/autograd/function.py:575: UserWarning: TORCH_NCCL_AVOID_RECORD_STREAMS=1 has no effect for point-to-point collectives. (Triggered internally at /pytorch/torch/csrc/distributed/c10d/ProcessGroupNCCL.cpp:3436.)
  return super().apply(*args, **kwargs)  # type: ignore[misc]
/hkfs/work/workspace/scratch/ke4365-summa/.venv/lib64/python3.11/site-packages/torch/autograd/function.py:575: UserWarning: TORCH_NCCL_AVOID_RECORD_STREAMS=1 has no effect for point-to-point collectives. (Triggered internally at /pytorch/torch/csrc/distributed/c10d/ProcessGroupNCCL.cpp:3436.)
  return super().apply(*args, **kwargs)  # type: ignore[misc]
/hkfs/work/workspace/scratch/ke4365-summa/.venv/lib64/python3.11/site-packages/torch/autograd/function.py:575: UserWarning: TORCH_NCCL_AVOID_RECORD_STREAMS=1 has no effect for point-to-point collectives. (Triggered internally at /pytorch/torch/csrc/distributed/c10d/ProcessGroupNCCL.cpp:3436.)
  return super().apply(*args, **kwargs)  # type: ignore[misc]
/hkfs/work/workspace/scratch/ke4365-summa/.venv/lib64/python3.11/site-packages/torch/autograd/function.py:575: UserWarning: TORCH_NCCL_AVOID_RECORD_STREAMS=1 has no effect for point-to-point collectives. (Triggered internally at /pytorch/torch/csrc/distributed/c10d/ProcessGroupNCCL.cpp:3436.)
  return super().apply(*args, **kwargs)  # type: ignore[misc]
Epoch 0 time [min]: 17.876545833333335
Epoch 1 time [min]: 17.870425
Epoch 2 time [min]: 17.88831875
Epoch 3 time [min]: 17.895229166666663
Epoch 4 time [min]: 17.873524999999997
Epoch 5 time [min]: 17.859177083333336
Epoch 6 time [min]: 17.85534375
Epoch 7 time [min]: 17.885925
Epoch 8 time [min]: 17.861304166666667
Epoch 9 time [min]: 17.88715416666667
Epoch 10 time [min]: 17.8663125
Average epoch time is 17.874478219696968
Std epoch time is 0.012706369519267936

============================= JOB FEEDBACK =============================

Job ID: 2987290
Cluster: hk
User/Group: ke4365/hk-project-epais
Account: hk-project-p0021348
State: COMPLETED (exit code 0)
Partition: accelerated
Nodes: 1
Cores per node: 152
Nodelist: hkn0813
CPU Utilized: 14:05:34
CPU Efficiency: 2.80% of 20-23:19:52 core-walltime
Job Wall-clock time: 03:18:41
Starttime: Sat Mar 15 16:21:54 2025
Endtime: Sat Mar 15 19:40:35 2025
Memory Utilized: 53.20 GB (estimated maximum)
Memory Efficiency: 0.00% of 0.00 MB (0.00 MB/node)
Energy Consumed: 17223955 Joule / 4784.43194444444 Watthours
Average node power draw: 1444.84145625367 Watt
