cp: target '/hkfs/work/workspace/scratch/ke4365-summa/experiments/scaling/noloading_strong_scaling/2_1tflop/four/src' is not a directory
Restoring modules from user's pangu, for system: "hk"
/hkfs/work/workspace/scratch/ke4365-summa/.venv/bin/python
MASTER_ADDR=hkn0819
GpuFreq=control_disabled
Rank 1: world_size 4, slurm_localid 1
Rank 3: world_size 4, slurm_localid 3
Rank 0: world_size 4, slurm_localid 0
Rank 2: world_size 4, slurm_localid 2
Rank 2/4: Process group initialized with torch rank 2 and torch world size 4.
Rank 3/4: Process group initialized with torch rank 3 and torch world size 4.
Rank 1/4: Process group initialized with torch rank 1 and torch world size 4.
Rank 0/4: Process group initialized with torch rank 0 and torch world size 4.
Model parameters {'hidden_dim': 896, 'spatial_hidden_dim_fraction': 0.125, 'features_hidden_dim_fraction': 1, 'mixing_blocks': 3, 'model_parallel': True, 'patch_size': 60, 'stride': 60, 'add': False, 'positional_encoding': False, 'patch_embed': 1, 'latent_rollout': 1, 'upt': False, 'concat': True, 'linear_residual': True, 'dropout': 0.001}
Training subset size 1250
Reading from /hkfs/work/workspace/scratch/ke4365-era5_data/era5_subset.zarr
[Errno 2] No such file or directory: '/hkfs/work/workspace/scratch/ke4365-summa/experiments/scaling/strong_scaling/hunderd_million/one/model_1.pt'
[Errno 2] No such file or directory: '/hkfs/work/workspace/scratch/ke4365-summa/experiments/scaling/strong_scaling/hunderd_million/one/model_1.pt'
[Errno 2] No such file or directory: '/hkfs/work/workspace/scratch/ke4365-summa/experiments/scaling/strong_scaling/hunderd_million/one/model_0.pt'
Rank 3 running on CPU core: 120 Allocated GPU(s):, 0,1,2,3
Rank 2 running on CPU core: 38 Allocated GPU(s):, 0,1,2,3
Rank 1 running on CPU core: 76 Allocated GPU(s):, 0,1,2,3
model has 240.552144 million parameters
Estimated forward TFLOPs and GB_COMM: 0.9904387966639998, 0.6397286653518677
[Errno 2] No such file or directory: '/hkfs/work/workspace/scratch/ke4365-summa/experiments/scaling/strong_scaling/hunderd_million/one/model_0.pt'
Initializing model from scratch
Rank 0 running on CPU core: 119 Allocated GPU(s):, 0,1,2,3
/hkfs/work/workspace/scratch/ke4365-summa/.venv/lib64/python3.11/site-packages/torch/autograd/function.py:575: UserWarning: TORCH_NCCL_AVOID_RECORD_STREAMS=1 has no effect for point-to-point collectives. (Triggered internally at /pytorch/torch/csrc/distributed/c10d/ProcessGroupNCCL.cpp:3436.)
  return super().apply(*args, **kwargs)  # type: ignore[misc]
/hkfs/work/workspace/scratch/ke4365-summa/.venv/lib64/python3.11/site-packages/torch/autograd/function.py:575: UserWarning: TORCH_NCCL_AVOID_RECORD_STREAMS=1 has no effect for point-to-point collectives. (Triggered internally at /pytorch/torch/csrc/distributed/c10d/ProcessGroupNCCL.cpp:3436.)
  return super().apply(*args, **kwargs)  # type: ignore[misc]
/hkfs/work/workspace/scratch/ke4365-summa/.venv/lib64/python3.11/site-packages/torch/autograd/function.py:575: UserWarning: TORCH_NCCL_AVOID_RECORD_STREAMS=1 has no effect for point-to-point collectives. (Triggered internally at /pytorch/torch/csrc/distributed/c10d/ProcessGroupNCCL.cpp:3436.)
  return super().apply(*args, **kwargs)  # type: ignore[misc]
/hkfs/work/workspace/scratch/ke4365-summa/.venv/lib64/python3.11/site-packages/torch/autograd/function.py:575: UserWarning: TORCH_NCCL_AVOID_RECORD_STREAMS=1 has no effect for point-to-point collectives. (Triggered internally at /pytorch/torch/csrc/distributed/c10d/ProcessGroupNCCL.cpp:3436.)
  return super().apply(*args, **kwargs)  # type: ignore[misc]
Epoch 0 time [min]: 1.5618192708333334
Epoch 1 time [min]: 1.5257526041666667
Epoch 2 time [min]: 1.5252466145833334
Epoch 3 time [min]: 1.5254740885416667
Epoch 4 time [min]: 1.5258148437499999
Epoch 5 time [min]: 1.5253834635416665
Epoch 6 time [min]: 1.525506640625
Epoch 7 time [min]: 1.5254889322916665
Epoch 8 time [min]: 1.5252496093749999
Epoch 9 time [min]: 1.5254989583333334
Epoch 10 time [min]: 1.5254645833333333
Average epoch time is 1.5287908735795455
Std epoch time is 0.010445819542401456

============================= JOB FEEDBACK =============================

Job ID: 2994731
Cluster: hk
User/Group: ke4365/hk-project-epais
Account: hk-project-p0021348
State: COMPLETED (exit code 0)
Partition: accelerated
Nodes: 1
Cores per node: 152
Nodelist: hkn0819
CPU Utilized: 01:10:35
CPU Efficiency: 2.55% of 1-22:06:24 core-walltime
Job Wall-clock time: 00:18:12
Starttime: Tue Mar 18 15:31:03 2025
Endtime: Tue Mar 18 15:49:15 2025
Memory Utilized: 8.06 GB (estimated maximum)
Memory Efficiency: 0.00% of 0.00 MB (0.00 MB/node)
Energy Consumed: 1288917 Joule / 358.0325 Watthours
Average node power draw: 1180.32692307692 Watt
