cp: target '/hkfs/work/workspace/scratch/ke4365-summa/experiments/scaling/DDP/node_1/four/src' is not a directory
Restoring modules from user's pangu, for system: "hk"
/hkfs/work/workspace/scratch/ke4365-summa/.venv/bin/python
MASTER_ADDR=hkn0505
GpuFreq=control_disabled
Rank 3: world_size 4, slurm_localid 3
Rank 0: world_size 4, slurm_localid 0
Rank 1: world_size 4, slurm_localid 1
Rank 2: world_size 4, slurm_localid 2
Rank 1/4: Process group initialized with torch rank 1 and torch world size 4.
Rank 2/4: Process group initialized with torch rank 2 and torch world size 4.
Rank 3/4: Process group initialized with torch rank 3 and torch world size 4.
Rank 0/4: Process group initialized with torch rank 0 and torch world size 4.
Training parameters {'lr': 0.0001, 'lr_embedding': 2e-05, 'lr_recovery': 2e-05, 'loss': 'L2', 'lr_constant': False, 'train_batch': 1, 'valid_batch': 1, 'identity': False, 'grad_clip': 1, 'save_dir': '/hkfs/work/workspace/scratch/ke4365-summa/experiments/scaling/DDP/node_1/four', 'preload': False, 'file_path': '/hkfs/work/workspace/scratch/ke4365-summa/experiments/scaling/DDP/node_1/four', 'load_path': '/hkfs/work/workspace/scratch/ke4365-summa/experiments/scaling/DDP/node_1/four', 'area_weighted': True, 'print': False, 'tf32': True}
Model parameters {'hidden_dim': 10352, 'spatial_hidden_dim_fraction': 1, 'features_hidden_dim_fraction': 1, 'mixing_blocks': 3, 'model_parallel': True, 'patch_size': 60, 'stride': 60, 'add': False, 'positional_encoding': False, 'patch_embed': 1, 'latent_rollout': 1, 'upt': False, 'concat': True, 'linear_residual': True, 'dropout': 0.001}
Training subset size 100
Reading from /hkfs/work/workspace/scratch/ke4365-era5_data/era5_subset.zarr
[Errno 2] No such file or directory: '/hkfs/work/workspace/scratch/ke4365-summa/experiments/scaling/DDP/node_1/four/model_1.pt'
[Errno 2] No such file or directory: '/hkfs/work/workspace/scratch/ke4365-summa/experiments/scaling/DDP/node_1/four/model_1.pt'
model has 2569.397904 million parameters
[Errno 2] No such file or directory: '/hkfs/work/workspace/scratch/ke4365-summa/experiments/scaling/DDP/node_1/four/model_0.pt'
Estimated forward TFLOPs and GB_COMM: 63.97240181381601, 5.43305504322052
[Errno 2] No such file or directory: '/hkfs/work/workspace/scratch/ke4365-summa/experiments/scaling/DDP/node_1/four/model_0.pt'
Initializing model from scratch
/hkfs/work/workspace/scratch/ke4365-summa/.venv/lib64/python3.11/site-packages/torch/autograd/function.py:575: UserWarning: TORCH_NCCL_AVOID_RECORD_STREAMS=1 has no effect for point-to-point collectives. (Triggered internally at /pytorch/torch/csrc/distributed/c10d/ProcessGroupNCCL.cpp:3436.)
  return super().apply(*args, **kwargs)  # type: ignore[misc]
/hkfs/work/workspace/scratch/ke4365-summa/.venv/lib64/python3.11/site-packages/torch/autograd/function.py:575: UserWarning: TORCH_NCCL_AVOID_RECORD_STREAMS=1 has no effect for point-to-point collectives. (Triggered internally at /pytorch/torch/csrc/distributed/c10d/ProcessGroupNCCL.cpp:3436.)
  return super().apply(*args, **kwargs)  # type: ignore[misc]
/hkfs/work/workspace/scratch/ke4365-summa/.venv/lib64/python3.11/site-packages/torch/autograd/function.py:575: UserWarning: TORCH_NCCL_AVOID_RECORD_STREAMS=1 has no effect for point-to-point collectives. (Triggered internally at /pytorch/torch/csrc/distributed/c10d/ProcessGroupNCCL.cpp:3436.)
  return super().apply(*args, **kwargs)  # type: ignore[misc]
/hkfs/work/workspace/scratch/ke4365-summa/.venv/lib64/python3.11/site-packages/torch/autograd/function.py:575: UserWarning: TORCH_NCCL_AVOID_RECORD_STREAMS=1 has no effect for point-to-point collectives. (Triggered internally at /pytorch/torch/csrc/distributed/c10d/ProcessGroupNCCL.cpp:3436.)
  return super().apply(*args, **kwargs)  # type: ignore[misc]
Epoch 0 time [min]: 1.6420763020833333
Epoch 1 time [min]: 1.5511610677083332
Epoch 2 time [min]: 1.5513828125000002
Epoch 3 time [min]: 1.551181640625
Epoch 4 time [min]: 1.5633473958333333
Epoch 5 time [min]: 1.563916015625
Epoch 6 time [min]: 1.548096875
Epoch 7 time [min]: 1.568320703125
Epoch 8 time [min]: 1.5553973958333331
Epoch 9 time [min]: 1.5634126302083333
Epoch 10 time [min]: 1.565967578125
Average epoch time is 1.565841856060606
Std epoch time is 0.02504026954342095

============================= JOB FEEDBACK =============================

Job ID: 2999386
Cluster: hk
User/Group: ke4365/hk-project-epais
Account: hk-project-p0021348
State: COMPLETED (exit code 0)
Partition: accelerated
Nodes: 1
Cores per node: 152
Nodelist: hkn0505
CPU Utilized: 02:48:13
CPU Efficiency: 5.97% of 1-22:57:04 core-walltime
Job Wall-clock time: 00:18:32
Starttime: Wed Mar 19 15:17:15 2025
Endtime: Wed Mar 19 15:35:47 2025
Memory Utilized: 72.42 GB (estimated maximum)
Memory Efficiency: 0.00% of 0.00 MB (0.00 MB/node)
Energy Consumed: 1681115 Joule / 466.976388888889 Watthours
Average node power draw: 1511.7940647482 Watt
