cp: target '/hkfs/work/workspace/scratch/ke4365-summa/experiments/scaling/noloading_strong_scaling/3_2tflop/two/src' is not a directory
Restoring modules from user's pangu, for system: "hk"
/hkfs/work/workspace/scratch/ke4365-summa/.venv/bin/python
MASTER_ADDR=hkn0433
GpuFreq=control_disabled
Rank 1: world_size 2, slurm_localid 1
Rank 0: world_size 2, slurm_localid 0
Rank 1/2: Process group initialized with torch rank 1 and torch world size 2.
Rank 0/2: Process group initialized with torch rank 0 and torch world size 2.
Model parameters {'hidden_dim': 1600, 'spatial_hidden_dim_fraction': 0.125, 'features_hidden_dim_fraction': 1, 'mixing_blocks': 3, 'model_parallel': True, 'patch_size': 60, 'stride': 60, 'add': False, 'positional_encoding': False, 'patch_embed': 1, 'latent_rollout': 1, 'upt': False, 'concat': True, 'linear_residual': True, 'dropout': 0.001}
Training subset size 1250
Reading from /hkfs/work/workspace/scratch/ke4365-era5_data/era5_subset.zarr
model has 260.151912 million parameters
Estimated forward TFLOPs and GB_COMM: 1.9854361315120002, 0.8209086656570435
[Errno 2] No such file or directory: '/hkfs/work/workspace/scratch/ke4365-summa/experiments/scaling/strong_scaling/hunderd_million/one/model_0.pt'
Initializing model from scratch
[Errno 2] No such file or directory: '/hkfs/work/workspace/scratch/ke4365-summa/experiments/scaling/strong_scaling/hunderd_million/one/model_1.pt'
Rank 0 running on CPU core: 113 Allocated GPU(s):, 0,1
Rank 1 running on CPU core: 151 Allocated GPU(s):, 0,1
/hkfs/work/workspace/scratch/ke4365-summa/.venv/lib64/python3.11/site-packages/torch/autograd/function.py:575: UserWarning: TORCH_NCCL_AVOID_RECORD_STREAMS=1 has no effect for point-to-point collectives. (Triggered internally at /pytorch/torch/csrc/distributed/c10d/ProcessGroupNCCL.cpp:3436.)
  return super().apply(*args, **kwargs)  # type: ignore[misc]
/hkfs/work/workspace/scratch/ke4365-summa/.venv/lib64/python3.11/site-packages/torch/autograd/function.py:575: UserWarning: TORCH_NCCL_AVOID_RECORD_STREAMS=1 has no effect for point-to-point collectives. (Triggered internally at /pytorch/torch/csrc/distributed/c10d/ProcessGroupNCCL.cpp:3436.)
  return super().apply(*args, **kwargs)  # type: ignore[misc]
Epoch 4 time [min]: 3.0500526041666665
Epoch 0 time [min]: 3.0668747395833336
Epoch 5 time [min]: 3.0502265625000002
Epoch 1 time [min]: 3.0524208333333336
Epoch 6 time [min]: 3.049978125
Epoch 2 time [min]: 3.0528877604166667
Epoch 7 time [min]: 3.0501408854166665
Epoch 3 time [min]: 3.0527109375
Epoch 8 time [min]: 3.0499700520833333
Epoch 4 time [min]: 3.0525315104166664
Epoch 9 time [min]: 3.0509161458333334
Epoch 5 time [min]: 3.053450520833333
Epoch 10 time [min]: 3.0500388020833333
Average epoch time is 3.051425662878788
Std epoch time is 0.003838340875834393

============================= JOB FEEDBACK =============================

Job ID: 2985129
Cluster: hk
User/Group: ke4365/hk-project-epais
Account: hk-project-p0021348
State: COMPLETED (exit code 0)
Partition: accelerated
Nodes: 1
Cores per node: 152
Nodelist: hkn0413
CPU Utilized: 01:09:42
CPU Efficiency: 1.29% of 3-18:08:40 core-walltime
Job Wall-clock time: 00:35:35
Starttime: Fri Mar 14 17:49:18 2025
Endtime: Fri Mar 14 18:24:53 2025
Memory Utilized: 8.07 GB (estimated maximum)
Memory Efficiency: 0.00% of 0.00 MB (0.00 MB/node)
Energy Consumed: 2048818 Joule / 569.116111111111 Watthours
Average node power draw: 959.633723653396 Watt
Epoch 6 time [min]: 3.0524867187500004
Epoch 7 time [min]: 3.0525921874999997
Epoch 8 time [min]: 3.053086197916667
Epoch 9 time [min]: 3.0526575520833332
Epoch 10 time [min]: 3.05236875
Average epoch time is 3.05400615530303
Std epoch time is 0.004080770330139121

============================= JOB FEEDBACK =============================

Job ID: 2985258
Cluster: hk
User/Group: ke4365/hk-project-epais
Account: hk-project-p0021348
State: COMPLETED (exit code 0)
Partition: accelerated
Nodes: 1
Cores per node: 152
Nodelist: hkn0433
CPU Utilized: 01:09:45
CPU Efficiency: 1.30% of 3-17:33:12 core-walltime
Job Wall-clock time: 00:35:21
Starttime: Fri Mar 14 18:03:07 2025
Endtime: Fri Mar 14 18:38:28 2025
Memory Utilized: 8.02 GB (estimated maximum)
Memory Efficiency: 0.00% of 0.00 MB (0.00 MB/node)
Energy Consumed: 2014380 Joule / 559.55 Watthours
Average node power draw: 949.73125884017 Watt
