cp: target '/hkfs/work/workspace/scratch/ke4365-summa/experiments/scaling/noloading_strong_scaling/1_0.5tflop/two/src' is not a directory
Restoring modules from user's pangu, for system: "hk"
/hkfs/work/workspace/scratch/ke4365-summa/.venv/bin/python
MASTER_ADDR=hkn0525
GpuFreq=control_disabled
Rank 0: world_size 2, slurm_localid 0
Rank 1: world_size 2, slurm_localid 1
Rank 1/2: Process group initialized with torch rank 1 and torch world size 2.
Rank 0/2: Process group initialized with torch rank 0 and torch world size 2.
Model parameters {'hidden_dim': 512, 'spatial_hidden_dim_fraction': 0.125, 'features_hidden_dim_fraction': 1, 'mixing_blocks': 3, 'model_parallel': True, 'patch_size': 60, 'stride': 60, 'add': False, 'positional_encoding': False, 'patch_embed': 1, 'latent_rollout': 1, 'upt': False, 'concat': True, 'linear_residual': True, 'dropout': 0.001}
Training subset size 1250
Reading from /hkfs/work/workspace/scratch/ke4365-era5_data/era5_subset.zarr
[Errno 2] No such file or directory: '/hkfs/work/workspace/scratch/ke4365-summa/experiments/scaling/strong_scaling/hundred_million/two/model_1.pt'
Rank 1 running on CPU core: 38 Allocated GPU(s):, 0,1
model has 232.241448 million parameters
Estimated forward TFLOPs and GB_COMM: 0.5343463267759999, 0.5432378053665161
[Errno 2] No such file or directory: '/hkfs/work/workspace/scratch/ke4365-summa/experiments/scaling/strong_scaling/hundred_million/two/model_0.pt'
Initializing model from scratch
Rank 0 running on CPU core: 37 Allocated GPU(s):, 0,1
/hkfs/work/workspace/scratch/ke4365-summa/.venv/lib64/python3.11/site-packages/torch/autograd/function.py:575: UserWarning: TORCH_NCCL_AVOID_RECORD_STREAMS=1 has no effect for point-to-point collectives. (Triggered internally at /pytorch/torch/csrc/distributed/c10d/ProcessGroupNCCL.cpp:3436.)
  return super().apply(*args, **kwargs)  # type: ignore[misc]
/hkfs/work/workspace/scratch/ke4365-summa/.venv/lib64/python3.11/site-packages/torch/autograd/function.py:575: UserWarning: TORCH_NCCL_AVOID_RECORD_STREAMS=1 has no effect for point-to-point collectives. (Triggered internally at /pytorch/torch/csrc/distributed/c10d/ProcessGroupNCCL.cpp:3436.)
  return super().apply(*args, **kwargs)  # type: ignore[misc]
Epoch 0 time [min]: 1.9711192708333334
Epoch 1 time [min]: 1.957575390625
Epoch 2 time [min]: 1.95745234375
Epoch 3 time [min]: 1.9579243489583333
Epoch 4 time [min]: 1.9575873697916668
Epoch 5 time [min]: 1.9580290364583335
Epoch 6 time [min]: 1.9579795572916665
Epoch 7 time [min]: 1.9573736979166665
Epoch 8 time [min]: 1.957818359375
Epoch 9 time [min]: 1.9581914062499999
Epoch 10 time [min]: 1.95816796875
Average epoch time is 1.959019886363636
Std epoch time is 0.0038354919419539856

============================= JOB FEEDBACK =============================

Job ID: 2994694
Cluster: hk
User/Group: ke4365/hk-project-epais
Account: hk-project-p0021348
State: COMPLETED (exit code 0)
Partition: accelerated
Nodes: 1
Cores per node: 152
Nodelist: hkn0525
CPU Utilized: 00:45:36
CPU Efficiency: 1.30% of 2-10:31:12 core-walltime
Job Wall-clock time: 00:23:06
Starttime: Tue Mar 18 14:57:04 2025
Endtime: Tue Mar 18 15:20:10 2025
Memory Utilized: 5.55 GB (estimated maximum)
Memory Efficiency: 0.00% of 0.00 MB (0.00 MB/node)
Energy Consumed: 1187272 Joule / 329.797777777778 Watthours
Average node power draw: 856.617604617605 Watt
