cp: target '/hkfs/work/workspace/scratch/ke4365-summa/experiments/scaling/fp32_noloading/2_1tflop/four/src' is not a directory
Restoring modules from user's pangu, for system: "hk"
/hkfs/work/workspace/scratch/ke4365-summa/.venv/bin/python
MASTER_ADDR=hkn0626
GpuFreq=control_disabled
Rank 0: world_size 4, slurm_localid 0
Rank 1: world_size 4, slurm_localid 1
Rank 2: world_size 4, slurm_localid 2
Rank 3: world_size 4, slurm_localid 3
Rank 2/4: Process group initialized with torch rank 2 and torch world size 4.
Rank 3/4: Process group initialized with torch rank 3 and torch world size 4.
Rank 1/4: Process group initialized with torch rank 1 and torch world size 4.
Rank 0/4: Process group initialized with torch rank 0 and torch world size 4.
Model parameters {'hidden_dim': 1024, 'spatial_hidden_dim_fraction': 0.125, 'features_hidden_dim_fraction': 0.25, 'mixing_blocks': 3, 'model_parallel': True, 'patch_size': 60, 'stride': 60, 'add': False, 'positional_encoding': False, 'patch_embed': 1, 'latent_rollout': 1, 'upt': False, 'concat': True, 'linear_residual': True, 'dropout': 0.001}
Training subset size 500
Reading from /hkfs/work/workspace/scratch/ke4365-era5_data/era5_subset.zarr
[Errno 2] No such file or directory: '/hkfs/work/workspace/scratch/ke4365-summa/experiments/scaling/strong_scaling/hunderd_million/one/model_1.pt'
[Errno 2] No such file or directory: '/hkfs/work/workspace/scratch/ke4365-summa/experiments/scaling/strong_scaling/hunderd_million/one/model_0.pt'
[Errno 2] No such file or directory: '/hkfs/work/workspace/scratch/ke4365-summa/experiments/scaling/strong_scaling/hunderd_million/one/model_1.pt'
model has 238.96776 million parameters
Estimated forward TFLOPs and GB_COMM: 0.992984623096, 0.6307851076126099
[Errno 2] No such file or directory: '/hkfs/work/workspace/scratch/ke4365-summa/experiments/scaling/strong_scaling/hunderd_million/one/model_0.pt'
Initializing model from scratch
Rank 1 running on CPU core: 147 Allocated GPU(s):, 0,1,2,3
Rank 2 running on CPU core: 40 Allocated GPU(s):, 0,1,2,3
Rank 3 running on CPU core: 151 Allocated GPU(s):, 0,1,2,3
Rank 0 running on CPU core: 38 Allocated GPU(s):, 0,1,2,3
/hkfs/work/workspace/scratch/ke4365-summa/.venv/lib64/python3.11/site-packages/torch/autograd/function.py:575: UserWarning: TORCH_NCCL_AVOID_RECORD_STREAMS=1 has no effect for point-to-point collectives. (Triggered internally at /pytorch/torch/csrc/distributed/c10d/ProcessGroupNCCL.cpp:3436.)
  return super().apply(*args, **kwargs)  # type: ignore[misc]
/hkfs/work/workspace/scratch/ke4365-summa/.venv/lib64/python3.11/site-packages/torch/autograd/function.py:575: UserWarning: TORCH_NCCL_AVOID_RECORD_STREAMS=1 has no effect for point-to-point collectives. (Triggered internally at /pytorch/torch/csrc/distributed/c10d/ProcessGroupNCCL.cpp:3436.)
  return super().apply(*args, **kwargs)  # type: ignore[misc]
/hkfs/work/workspace/scratch/ke4365-summa/.venv/lib64/python3.11/site-packages/torch/autograd/function.py:575: UserWarning: TORCH_NCCL_AVOID_RECORD_STREAMS=1 has no effect for point-to-point collectives. (Triggered internally at /pytorch/torch/csrc/distributed/c10d/ProcessGroupNCCL.cpp:3436.)
  return super().apply(*args, **kwargs)  # type: ignore[misc]
/hkfs/work/workspace/scratch/ke4365-summa/.venv/lib64/python3.11/site-packages/torch/autograd/function.py:575: UserWarning: TORCH_NCCL_AVOID_RECORD_STREAMS=1 has no effect for point-to-point collectives. (Triggered internally at /pytorch/torch/csrc/distributed/c10d/ProcessGroupNCCL.cpp:3436.)
  return super().apply(*args, **kwargs)  # type: ignore[misc]
Epoch 0 time [min]: 1.0314108723958333
Epoch 1 time [min]: 0.9706038411458333
Epoch 2 time [min]: 0.9699421874999999
Epoch 3 time [min]: 0.9851268880208334
Epoch 4 time [min]: 0.98818984375
Epoch 5 time [min]: 0.9698956380208333
Epoch 6 time [min]: 0.9717497395833333
Epoch 7 time [min]: 0.970455859375
Epoch 8 time [min]: 0.9714255859375
Epoch 9 time [min]: 0.9796884114583333
Epoch 10 time [min]: 0.9707301432291667
Average epoch time is 0.9799290009469697
Std epoch time is 0.017442455317701538

============================= JOB FEEDBACK =============================

Job ID: 2972937
Cluster: hk
User/Group: ke4365/hk-project-epais
Account: hk-project-p0021348
State: COMPLETED (exit code 0)
Partition: accelerated
Nodes: 1
Cores per node: 152
Nodelist: hkn0626
CPU Utilized: 01:39:44
CPU Efficiency: 5.17% of 1-08:07:52 core-walltime
Job Wall-clock time: 00:12:41
Starttime: Sat Mar  8 16:41:04 2025
Endtime: Sat Mar  8 16:53:45 2025
Memory Utilized: 48.09 GB (estimated maximum)
Memory Efficiency: 0.00% of 0.00 MB (0.00 MB/node)
Energy Consumed: 978183 Joule / 271.7175 Watthours
Average node power draw: 1285.39159001314 Watt
