cp: target '/hkfs/work/workspace/scratch/ke4365-summa/experiments/scaling/strong_scaling/4_4tflop/two/src' is not a directory
Restoring modules from user's pangu, for system: "hk"
/hkfs/work/workspace/scratch/ke4365-summa/.venv/bin/python
MASTER_ADDR=hkn0734
GpuFreq=control_disabled
Rank 0: world_size 2, slurm_localid 0
Rank 1: world_size 2, slurm_localid 1
Rank 1/2: Process group initialized with torch rank 1 and torch world size 2.
Rank 0/2: Process group initialized with torch rank 0 and torch world size 2.
Training parameters {'lr': 0.0001, 'lr_embedding': 2e-05, 'lr_recovery': 2e-05, 'loss': 'L2', 'lr_constant': False, 'train_batch': 1, 'valid_batch': 1, 'identity': False, 'grad_clip': 10, 'save_dir': '/hkfs/work/workspace/scratch/ke4365-summa/experiments/scaling/strong_scaling/hundred_million/one', 'preload': False, 'file_path': '/hkfs/work/workspace/scratch/ke4365-summa/experiments/scaling/strong_scaling/hundred_million/one', 'load_path': '/hkfs/work/workspace/scratch/ke4365-summa/experiments/scaling/strong_scaling/hunderd_million/one', 'area_weighted': True, 'print': True, 'tf32': True}
Model parameters {'hidden_dim': 2192, 'spatial_hidden_dim_fraction': 0.25, 'features_hidden_dim_fraction': 1, 'mixing_blocks': 3, 'model_parallel': True, 'patch_size': 60, 'stride': 60, 'add': False, 'positional_encoding': False, 'patch_embed': 1, 'latent_rollout': 1, 'upt': False, 'concat': True, 'linear_residual': True, 'dropout': 0.001}
Training subset size 1250
Reading from /hkfs/work/workspace/scratch/ke4365-era5_data/era5_subset.zarr
[Errno 2] No such file or directory: '/hkfs/work/workspace/scratch/ke4365-summa/experiments/scaling/strong_scaling/hunderd_million/one/model_1.pt'
Rank 1 running on CPU core: 40 Allocated GPU(s):, 0,1
model has 505.261128 million parameters
Estimated forward TFLOPs and GB_COMM: 3.9630232090159994, 1.199349045753479
[Errno 2] No such file or directory: '/hkfs/work/workspace/scratch/ke4365-summa/experiments/scaling/strong_scaling/hunderd_million/one/model_0.pt'
Initializing model from scratch
Rank 0 running on CPU core: 113 Allocated GPU(s):, 0,1
/hkfs/work/workspace/scratch/ke4365-summa/.venv/lib64/python3.11/site-packages/torch/autograd/function.py:575: UserWarning: TORCH_NCCL_AVOID_RECORD_STREAMS=1 has no effect for point-to-point collectives. (Triggered internally at /pytorch/torch/csrc/distributed/c10d/ProcessGroupNCCL.cpp:3436.)
  return super().apply(*args, **kwargs)  # type: ignore[misc]
/hkfs/work/workspace/scratch/ke4365-summa/.venv/lib64/python3.11/site-packages/torch/autograd/function.py:575: UserWarning: TORCH_NCCL_AVOID_RECORD_STREAMS=1 has no effect for point-to-point collectives. (Triggered internally at /pytorch/torch/csrc/distributed/c10d/ProcessGroupNCCL.cpp:3436.)
  return super().apply(*args, **kwargs)  # type: ignore[misc]
Epoch 0 time [min]: 4.379819270833334
Epoch 1 time [min]: 4.3334692708333336
Epoch 2 time [min]: 4.328251041666666
Epoch 3 time [min]: 4.32408828125
Epoch 4 time [min]: 4.3274934895833335
Epoch 5 time [min]: 4.326873697916667
Epoch 6 time [min]: 4.333655208333334
Epoch 7 time [min]: 4.330986197916667
Epoch 8 time [min]: 4.32801015625
Epoch 9 time [min]: 4.332954166666667
Epoch 10 time [min]: 4.32639296875
Average epoch time is 4.329217447916667
Std epoch time is 0.003162372259442778

============================= JOB FEEDBACK =============================

Job ID: 2986961
Cluster: hk
User/Group: ke4365/hk-project-epais
Account: hk-project-p0021348
State: COMPLETED (exit code 0)
Partition: accelerated
Nodes: 1
Cores per node: 152
Nodelist: hkn0734
CPU Utilized: 14:35:11
CPU Efficiency: 11.83% of 5-03:17:20 core-walltime
Job Wall-clock time: 00:48:40
Starttime: Sat Mar 15 16:08:22 2025
Endtime: Sat Mar 15 16:57:02 2025
Memory Utilized: 57.06 GB (estimated maximum)
Memory Efficiency: 0.00% of 0.00 MB (0.00 MB/node)
Energy Consumed: 3558889 Joule / 988.580277777778 Watthours
Average node power draw: 1218.79760273973 Watt
