cp: target '/hkfs/work/workspace/scratch/ke4365-summa/experiments/scaling/noloading_strong_scaling/6_16tflop/four/src' is not a directory
Restoring modules from user's pangu, for system: "hk"
/hkfs/work/workspace/scratch/ke4365-summa/.venv/bin/python
MASTER_ADDR=hkn0509
GpuFreq=control_disabled
Rank 2: world_size 4, slurm_localid 2
Rank 0: world_size 4, slurm_localid 0
Rank 1: world_size 4, slurm_localid 1
Rank 3: world_size 4, slurm_localid 3
Rank 1/4: Process group initialized with torch rank 1 and torch world size 4.
Rank 2/4: Process group initialized with torch rank 2 and torch world size 4.
Rank 3/4: Process group initialized with torch rank 3 and torch world size 4.
Rank 0/4: Process group initialized with torch rank 0 and torch world size 4.
Model parameters {'hidden_dim': 4896, 'spatial_hidden_dim_fraction': 0.5, 'features_hidden_dim_fraction': 1, 'mixing_blocks': 3, 'model_parallel': True, 'patch_size': 60, 'stride': 60, 'add': False, 'positional_encoding': False, 'patch_embed': 1, 'latent_rollout': 1, 'upt': False, 'concat': True, 'linear_residual': True, 'dropout': 0.001}
Training subset size 1250
Reading from /hkfs/work/workspace/scratch/ke4365-era5_data/era5_subset.zarr
[Errno 2] No such file or directory: '/hkfs/work/workspace/scratch/ke4365-summa/experiments/scaling/strong_scaling/one_billion/one/model_1.pt'
[Errno 2] No such file or directory: '/hkfs/work/workspace/scratch/ke4365-summa/experiments/scaling/strong_scaling/one_billion/one/model_0.pt'
Rank 1 running on CPU core: 40 Allocated GPU(s):, 0,1,2,3
Rank 2 running on CPU core: 39 Allocated GPU(s):, 0,1,2,3
[Errno 2] No such file or directory: '/hkfs/work/workspace/scratch/ke4365-summa/experiments/scaling/strong_scaling/one_billion/one/model_1.pt'
Rank 3 running on CPU core: 41 Allocated GPU(s):, 0,1,2,3
model has 1103.453424 million parameters
Estimated forward TFLOPs and GB_COMM: 15.956386952904, 2.4571791887283325
[Errno 2] No such file or directory: '/hkfs/work/workspace/scratch/ke4365-summa/experiments/scaling/strong_scaling/one_billion/one/model_0.pt'
Initializing model from scratch
Rank 0 running on CPU core: 38 Allocated GPU(s):, 0,1,2,3
/hkfs/work/workspace/scratch/ke4365-summa/.venv/lib64/python3.11/site-packages/torch/autograd/function.py:575: UserWarning: TORCH_NCCL_AVOID_RECORD_STREAMS=1 has no effect for point-to-point collectives. (Triggered internally at /pytorch/torch/csrc/distributed/c10d/ProcessGroupNCCL.cpp:3436.)
  return super().apply(*args, **kwargs)  # type: ignore[misc]
/hkfs/work/workspace/scratch/ke4365-summa/.venv/lib64/python3.11/site-packages/torch/autograd/function.py:575: UserWarning: TORCH_NCCL_AVOID_RECORD_STREAMS=1 has no effect for point-to-point collectives. (Triggered internally at /pytorch/torch/csrc/distributed/c10d/ProcessGroupNCCL.cpp:3436.)
  return super().apply(*args, **kwargs)  # type: ignore[misc]
/hkfs/work/workspace/scratch/ke4365-summa/.venv/lib64/python3.11/site-packages/torch/autograd/function.py:575: UserWarning: TORCH_NCCL_AVOID_RECORD_STREAMS=1 has no effect for point-to-point collectives. (Triggered internally at /pytorch/torch/csrc/distributed/c10d/ProcessGroupNCCL.cpp:3436.)
  return super().apply(*args, **kwargs)  # type: ignore[misc]
/hkfs/work/workspace/scratch/ke4365-summa/.venv/lib64/python3.11/site-packages/torch/autograd/function.py:575: UserWarning: TORCH_NCCL_AVOID_RECORD_STREAMS=1 has no effect for point-to-point collectives. (Triggered internally at /pytorch/torch/csrc/distributed/c10d/ProcessGroupNCCL.cpp:3436.)
  return super().apply(*args, **kwargs)  # type: ignore[misc]
Epoch 0 time [min]: 6.3648109375
Epoch 1 time [min]: 6.5010765625
Epoch 2 time [min]: 6.553295833333333
Epoch 3 time [min]: 6.616349479166667
Epoch 4 time [min]: 6.651863541666667
Epoch 5 time [min]: 6.6382453125000005
Epoch 6 time [min]: 6.627747916666666
Epoch 7 time [min]: 6.600607291666666
Epoch 8 time [min]: 6.622520833333334
Epoch 9 time [min]: 6.6168
Epoch 10 time [min]: 6.5573749999999995
Average epoch time is 6.577335700757575
Std epoch time is 0.07944530212199864

============================= JOB FEEDBACK =============================

Job ID: 2994247
Cluster: hk
User/Group: ke4365/hk-project-epais
Account: hk-project-p0021348
State: COMPLETED (exit code 0)
Partition: accelerated
Nodes: 1
Cores per node: 152
Nodelist: hkn0509
CPU Utilized: 04:53:35
CPU Efficiency: 2.62% of 7-18:42:24 core-walltime
Job Wall-clock time: 01:13:42
Starttime: Tue Mar 18 13:25:58 2025
Endtime: Tue Mar 18 14:39:40 2025
Memory Utilized: 11.87 GB (estimated maximum)
Memory Efficiency: 0.00% of 0.00 MB (0.00 MB/node)
Energy Consumed: 6421536 Joule / 1783.76 Watthours
Average node power draw: 1452.17910447761 Watt
