cp: target '/hkfs/work/workspace/scratch/ke4365-summa/experiments/scaling/strong_scaling/0_0.25tflop/one/src' is not a directory
Restoring modules from user's pangu, for system: "hk"
/hkfs/work/workspace/scratch/ke4365-summa/.venv/bin/python
MASTER_ADDR=hkn0432
GpuFreq=control_disabled
Rank 0: world_size 1, slurm_localid 0
Rank 0/1: Process group initialized with torch rank 0 and torch world size 1.
Training parameters {'lr': 0.0001, 'lr_embedding': 2e-05, 'lr_recovery': 2e-05, 'loss': 'L2', 'lr_constant': False, 'train_batch': 1, 'valid_batch': 1, 'identity': False, 'grad_clip': 10, 'save_dir': '/hkfs/work/workspace/scratch/ke4365-summa/experiments/scaling/strong_scaling/hundred_million/one', 'preload': False, 'file_path': '/hkfs/work/workspace/scratch/ke4365-summa/experiments/scaling/strong_scaling/hundred_million/one', 'load_path': '/hkfs/work/workspace/scratch/ke4365-summa/experiments/scaling/strong_scaling/hunderd_million/one', 'area_weighted': True, 'print': True, 'tf32': True}
Model parameters {'hidden_dim': 368, 'spatial_hidden_dim_fraction': 0.03125, 'features_hidden_dim_fraction': 1, 'mixing_blocks': 3, 'model_parallel': False, 'patch_size': 60, 'stride': 60, 'add': False, 'positional_encoding': False, 'patch_embed': 1, 'latent_rollout': 1, 'upt': False, 'concat': True, 'linear_residual': True, 'dropout': 0.001}
Training subset size 1250
Reading from /hkfs/work/workspace/scratch/ke4365-era5_data/era5_subset.zarr
model has 61.507806 million parameters
Estimated forward TFLOPs and GB_COMM: 0.25545790362799997, 0.3493865132331848
[Errno 2] No such file or directory: '/hkfs/work/workspace/scratch/ke4365-summa/experiments/scaling/strong_scaling/hunderd_million/one'
Initializing model from scratch
srun: Job step aborted: Waiting up to 32 seconds for job step to finish.
slurmstepd: error: *** JOB 2998232 ON hkn0432 CANCELLED AT 2025-03-19T10:07:41 ***
slurmstepd: error: *** STEP 2998232.0 ON hkn0432 CANCELLED AT 2025-03-19T10:07:41 ***

============================= JOB FEEDBACK =============================

Job ID: 2998232
Cluster: hk
User/Group: ke4365/hk-project-epais
Account: hk-project-p0021348
State: CANCELLED (exit code 0)
Partition: accelerated
Nodes: 1
Cores per node: 152
Nodelist: hkn0432
CPU Utilized: 00:06:10
CPU Efficiency: 0.19% of 2-06:10:16 core-walltime
Job Wall-clock time: 00:21:23
Starttime: Wed Mar 19 09:46:18 2025
Endtime: Wed Mar 19 10:07:41 2025
Memory Utilized: 59.91 GB
Memory Efficiency: 0.00% of 0.00 MB
Energy Consumed: 832802 Joule / 231.333888888889 Watthours
Average node power draw: 649.10522213562 Watt
