cp: target '/hkfs/work/workspace/scratch/ke4365-summa/experiments/scaling/noloading_strong_scaling/2_1tflop/one/src' is not a directory
Restoring modules from user's pangu, for system: "hk"
/hkfs/work/workspace/scratch/ke4365-summa/.venv/bin/python
MASTER_ADDR=hkn0406
GpuFreq=control_disabled
Rank 0: world_size 1, slurm_localid 0
Rank 0/1: Process group initialized with torch rank 0 and torch world size 1.
Model parameters {'hidden_dim': 896, 'spatial_hidden_dim_fraction': 0.125, 'features_hidden_dim_fraction': 1, 'mixing_blocks': 3, 'model_parallel': False, 'patch_size': 60, 'stride': 60, 'add': False, 'positional_encoding': False, 'patch_embed': 1, 'latent_rollout': 1, 'upt': False, 'concat': True, 'linear_residual': True, 'dropout': 0.001}
Training subset size 1250
Reading from /hkfs/work/workspace/scratch/ke4365-era5_data/era5_subset.zarr
model has 240.142506 million parameters
Estimated forward TFLOPs and GB_COMM: 0.9904387966639998, 0.6397286653518677
[Errno 2] No such file or directory: '/hkfs/work/workspace/scratch/ke4365-summa/experiments/scaling/strong_scaling/hunderd_million/one'
Initializing model from scratch
Epoch 0 time [min]: 2.629650520833333
Epoch 1 time [min]: 2.6249557291666665
Epoch 2 time [min]: 2.624522395833333
Epoch 3 time [min]: 2.624866927083333
Epoch 4 time [min]: 2.62448046875
Epoch 5 time [min]: 2.625479947916667
Epoch 6 time [min]: 2.6256802083333333
Epoch 7 time [min]: 2.6252973958333334
Epoch 8 time [min]: 2.6254544270833335
Epoch 9 time [min]: 2.62535546875
Epoch 10 time [min]: 2.6256471354166666
Average epoch time is 2.625580965909091
Std epoch time is 0.001347233510197569

============================= JOB FEEDBACK =============================

Job ID: 2994730
Cluster: hk
User/Group: ke4365/hk-project-epais
Account: hk-project-p0021348
State: COMPLETED (exit code 0)
Partition: accelerated
Nodes: 1
Cores per node: 152
Nodelist: hkn0406
CPU Utilized: 00:31:00
CPU Efficiency: 0.66% of 3-06:14:16 core-walltime
Job Wall-clock time: 00:30:53
Starttime: Tue Mar 18 15:30:03 2025
Endtime: Tue Mar 18 16:00:56 2025
Memory Utilized: 6.89 GB
Memory Efficiency: 0.00% of 0.00 MB
Energy Consumed: 1391253 Joule / 386.459166666667 Watthours
Average node power draw: 750.811117107393 Watt
