cp: target '/hkfs/work/workspace/scratch/ke4365-summa/experiments/scaling/fp32_noloading/8_32tflop/two/src' is not a directory
Restoring modules from user's pangu, for system: "hk"
/hkfs/work/workspace/scratch/ke4365-summa/.venv/bin/python
MASTER_ADDR=hkn0427
GpuFreq=control_disabled
Rank 0: world_size 2, slurm_localid 0
Rank 1: world_size 2, slurm_localid 1
Rank 1/2: Process group initialized with torch rank 1 and torch world size 2.
Rank 0/2: Process group initialized with torch rank 0 and torch world size 2.
Model parameters {'hidden_dim': 6064, 'spatial_hidden_dim_fraction': 1, 'features_hidden_dim_fraction': 1, 'mixing_blocks': 3, 'model_parallel': True, 'patch_size': 60, 'stride': 60, 'add': False, 'positional_encoding': False, 'patch_embed': 1, 'latent_rollout': 1, 'upt': False, 'concat': True, 'linear_residual': True, 'dropout': 0.001}
Training subset size 500
Reading from /hkfs/work/workspace/scratch/ke4365-era5_data/era5_subset.zarr
[Errno 2] No such file or directory: '/hkfs/work/workspace/scratch/ke4365-summa/experiments/scaling/strong_scaling/one_billion/one/model_1.pt'
Rank 1 running on CPU core: 75 Allocated GPU(s):, 0,1
model has 2091.058632 million parameters
Estimated forward TFLOPs and GB_COMM: 32.09076639436, 3.814820408821106
[Errno 2] No such file or directory: '/hkfs/work/workspace/scratch/ke4365-summa/experiments/scaling/strong_scaling/one_billion/one/model_0.pt'
Initializing model from scratch
Rank 0 running on CPU core: 113 Allocated GPU(s):, 0,1
/hkfs/work/workspace/scratch/ke4365-summa/.venv/lib64/python3.11/site-packages/torch/autograd/function.py:575: UserWarning: TORCH_NCCL_AVOID_RECORD_STREAMS=1 has no effect for point-to-point collectives. (Triggered internally at /pytorch/torch/csrc/distributed/c10d/ProcessGroupNCCL.cpp:3436.)
  return super().apply(*args, **kwargs)  # type: ignore[misc]
/hkfs/work/workspace/scratch/ke4365-summa/.venv/lib64/python3.11/site-packages/torch/autograd/function.py:575: UserWarning: TORCH_NCCL_AVOID_RECORD_STREAMS=1 has no effect for point-to-point collectives. (Triggered internally at /pytorch/torch/csrc/distributed/c10d/ProcessGroupNCCL.cpp:3436.)
  return super().apply(*args, **kwargs)  # type: ignore[misc]
Epoch 0 time [min]: 25.37270625
Epoch 1 time [min]: 25.379343749999997
Epoch 2 time [min]: 25.383008333333333
Epoch 3 time [min]: 25.364322916666666
Epoch 4 time [min]: 25.387847916666665
Epoch 5 time [min]: 25.358741666666667
Epoch 6 time [min]: 25.404287500000002
Epoch 7 time [min]: 25.362239583333334
Epoch 8 time [min]: 25.36916666666667
Epoch 9 time [min]: 25.3475875
Epoch 10 time [min]: 25.348435416666668
Average epoch time is 25.370698863636367
Std epoch time is 0.016348210152559918

============================= JOB FEEDBACK =============================

Job ID: 2994678
Cluster: hk
User/Group: ke4365/hk-project-epais
Account: hk-project-p0021348
State: COMPLETED (exit code 0)
Partition: accelerated
Nodes: 1
Cores per node: 152
Nodelist: hkn0427
CPU Utilized: 09:03:08
CPU Efficiency: 1.27% of 29-15:21:36 core-walltime
Job Wall-clock time: 04:40:48
Starttime: Tue Mar 18 14:50:04 2025
Endtime: Tue Mar 18 19:30:52 2025
Memory Utilized: 8.77 GB (estimated maximum)
Memory Efficiency: 0.00% of 0.00 MB (0.00 MB/node)
Energy Consumed: 18075036 Joule / 5020.84333333333 Watthours
Average node power draw: 1072.82977207977 Watt
