cp: target '/hkfs/work/workspace/scratch/ke4365-summa/experiments/scaling/fp32_strong_scaling/3_2tflop/two/src' is not a directory
Restoring modules from user's pangu, for system: "hk"
/hkfs/work/workspace/scratch/ke4365-summa/.venv/bin/python
MASTER_ADDR=hkn0419
GpuFreq=control_disabled
Rank 0: world_size 2, slurm_localid 0
Rank 1: world_size 2, slurm_localid 1
Rank 1/2: Process group initialized with torch rank 1 and torch world size 2.
Rank 0/2: Process group initialized with torch rank 0 and torch world size 2.
Training parameters {'lr': 0.0001, 'lr_embedding': 2e-05, 'lr_recovery': 2e-05, 'loss': 'L2', 'lr_constant': False, 'train_batch': 1, 'valid_batch': 1, 'identity': False, 'grad_clip': 10, 'save_dir': '/hkfs/work/workspace/scratch/ke4365-summa/experiments/scaling/strong_scaling/hundred_million/one', 'preload': False, 'file_path': '/hkfs/work/workspace/scratch/ke4365-summa/experiments/scaling/strong_scaling/hundred_million/one', 'load_path': '/hkfs/work/workspace/scratch/ke4365-summa/experiments/scaling/strong_scaling/hunderd_million/one', 'area_weighted': True, 'print': True, 'tf32': False}
Model parameters {'hidden_dim': 1600, 'spatial_hidden_dim_fraction': 0.125, 'features_hidden_dim_fraction': 1, 'mixing_blocks': 3, 'model_parallel': True, 'patch_size': 60, 'stride': 60, 'add': False, 'positional_encoding': False, 'patch_embed': 1, 'latent_rollout': 1, 'upt': False, 'concat': True, 'linear_residual': True, 'dropout': 0.001}
Training subset size 500
Reading from /hkfs/work/workspace/scratch/ke4365-era5_data/era5_subset.zarr
model has 260.151912 million parameters
[Errno 2] No such file or directory: '/hkfs/work/workspace/scratch/ke4365-summa/experiments/scaling/strong_scaling/hunderd_million/one/model_1.pt'
Estimated forward TFLOPs and GB_COMM: 1.9854361315120002, 0.8209086656570435
[Errno 2] No such file or directory: '/hkfs/work/workspace/scratch/ke4365-summa/experiments/scaling/strong_scaling/hunderd_million/one/model_0.pt'
Initializing model from scratch
Rank 0 running on CPU core: 113 Allocated GPU(s):, 0,1
Rank 1 running on CPU core: 151 Allocated GPU(s):, 0,1
/hkfs/work/workspace/scratch/ke4365-summa/.venv/lib64/python3.11/site-packages/torch/autograd/function.py:575: UserWarning: TORCH_NCCL_AVOID_RECORD_STREAMS=1 has no effect for point-to-point collectives. (Triggered internally at /pytorch/torch/csrc/distributed/c10d/ProcessGroupNCCL.cpp:3436.)
  return super().apply(*args, **kwargs)  # type: ignore[misc]
/hkfs/work/workspace/scratch/ke4365-summa/.venv/lib64/python3.11/site-packages/torch/autograd/function.py:575: UserWarning: TORCH_NCCL_AVOID_RECORD_STREAMS=1 has no effect for point-to-point collectives. (Triggered internally at /pytorch/torch/csrc/distributed/c10d/ProcessGroupNCCL.cpp:3436.)
  return super().apply(*args, **kwargs)  # type: ignore[misc]
Epoch 0 time [min]: 2.4641533854166666
Epoch 1 time [min]: 2.3854947916666664
Epoch 2 time [min]: 2.3842781250000002
Epoch 3 time [min]: 2.378359114583333
Epoch 4 time [min]: 2.3767721354166667
Epoch 5 time [min]: 2.374511458333333
Epoch 6 time [min]: 2.379173177083333
Epoch 7 time [min]: 2.3881927083333334
Epoch 8 time [min]: 2.381277083333333
Epoch 9 time [min]: 2.388309375
Epoch 10 time [min]: 2.3835830729166667
Average epoch time is 2.3819951041666667
Std epoch time is 0.004508276380065281

============================= JOB FEEDBACK =============================

Job ID: 2987307
Cluster: hk
User/Group: ke4365/hk-project-epais
Account: hk-project-p0021348
State: COMPLETED (exit code 0)
Partition: accelerated
Nodes: 1
Cores per node: 152
Nodelist: hkn0419
CPU Utilized: 05:45:58
CPU Efficiency: 8.33% of 2-21:12:08 core-walltime
Job Wall-clock time: 00:27:19
Starttime: Sat Mar 15 21:32:34 2025
Endtime: Sat Mar 15 21:59:53 2025
Memory Utilized: 63.77 GB (estimated maximum)
Memory Efficiency: 0.00% of 0.00 MB (0.00 MB/node)
Energy Consumed: 1879615 Joule / 522.115277777778 Watthours
Average node power draw: 1146.80597925564 Watt
