cp: target '/hkfs/work/workspace/scratch/ke4365-summa/experiments/scaling/fp32_noloading/6_16tflop/two/src' is not a directory
Restoring modules from user's pangu, for system: "hk"
/hkfs/work/workspace/scratch/ke4365-summa/.venv/bin/python
MASTER_ADDR=hkn0430
GpuFreq=control_disabled
Rank 1: world_size 2, slurm_localid 1
Rank 0: world_size 2, slurm_localid 0
Rank 1/2: Process group initialized with torch rank 1 and torch world size 2.
Rank 0/2: Process group initialized with torch rank 0 and torch world size 2.
Model parameters {'hidden_dim': 4896, 'spatial_hidden_dim_fraction': 0.5, 'features_hidden_dim_fraction': 1, 'mixing_blocks': 3, 'model_parallel': True, 'patch_size': 60, 'stride': 60, 'add': False, 'positional_encoding': False, 'patch_embed': 1, 'latent_rollout': 1, 'upt': False, 'concat': True, 'linear_residual': True, 'dropout': 0.001}
Training subset size 500
Reading from /hkfs/work/workspace/scratch/ke4365-era5_data/era5_subset.zarr
model has 1103.268024 million parameters
Estimated forward TFLOPs and GB_COMM: 15.956386952904, 2.4571791887283325
[Errno 2] No such file or directory: '/hkfs/work/workspace/scratch/ke4365-summa/experiments/scaling/strong_scaling/one_billion/one/model_0.pt'
Initializing model from scratch
[Errno 2] No such file or directory: '/hkfs/work/workspace/scratch/ke4365-summa/experiments/scaling/strong_scaling/one_billion/one/model_1.pt'
Rank 0 running on CPU core: 18 Allocated GPU(s):, 0,1
Rank 1 running on CPU core: 151 Allocated GPU(s):, 0,1
/hkfs/work/workspace/scratch/ke4365-summa/.venv/lib64/python3.11/site-packages/torch/autograd/function.py:575: UserWarning: TORCH_NCCL_AVOID_RECORD_STREAMS=1 has no effect for point-to-point collectives. (Triggered internally at /pytorch/torch/csrc/distributed/c10d/ProcessGroupNCCL.cpp:3436.)
  return super().apply(*args, **kwargs)  # type: ignore[misc]
/hkfs/work/workspace/scratch/ke4365-summa/.venv/lib64/python3.11/site-packages/torch/autograd/function.py:575: UserWarning: TORCH_NCCL_AVOID_RECORD_STREAMS=1 has no effect for point-to-point collectives. (Triggered internally at /pytorch/torch/csrc/distributed/c10d/ProcessGroupNCCL.cpp:3436.)
  return super().apply(*args, **kwargs)  # type: ignore[misc]
Epoch 0 time [min]: 13.104966666666666
Epoch 1 time [min]: 13.10578125
Epoch 2 time [min]: 13.102647916666665
Epoch 3 time [min]: 13.120032291666666
Epoch 4 time [min]: 13.108989583333333
Epoch 5 time [min]: 13.116934375
Epoch 6 time [min]: 13.108652083333334
Epoch 7 time [min]: 13.108577083333333
Epoch 8 time [min]: 13.116573958333333
Epoch 9 time [min]: 13.102994791666667
Epoch 10 time [min]: 13.094960416666668
Average epoch time is 13.108282765151516
Std epoch time is 0.006985839307435635

============================= JOB FEEDBACK =============================

Job ID: 2994685
Cluster: hk
User/Group: ke4365/hk-project-epais
Account: hk-project-p0021348
State: COMPLETED (exit code 0)
Partition: accelerated
Nodes: 1
Cores per node: 152
Nodelist: hkn0430
CPU Utilized: 05:20:44
CPU Efficiency: 1.44% of 15-10:57:52 core-walltime
Job Wall-clock time: 02:26:26
Starttime: Tue Mar 18 14:52:03 2025
Endtime: Tue Mar 18 17:18:29 2025
Memory Utilized: 50.06 GB (estimated maximum)
Memory Efficiency: 0.00% of 0.00 MB (0.00 MB/node)
Energy Consumed: 9619461 Joule / 2672.0725 Watthours
Average node power draw: 1094.86239471887 Watt
