cp: target '/hkfs/work/workspace/scratch/ke4365-summa/experiments/scaling/fp32_noloading/0_0.25tflop/four/src' is not a directory
Restoring modules from user's pangu, for system: "hk"
/hkfs/work/workspace/scratch/ke4365-summa/.venv/bin/python
MASTER_ADDR=hkn0626
GpuFreq=control_disabled
Rank 2: world_size 4, slurm_localid 2
Rank 0: world_size 4, slurm_localid 0
Rank 1: world_size 4, slurm_localid 1
Rank 3: world_size 4, slurm_localid 3
Rank 3/4: Process group initialized with torch rank 3 and torch world size 4.
Rank 1/4: Process group initialized with torch rank 1 and torch world size 4.
Rank 2/4: Process group initialized with torch rank 2 and torch world size 4.
Rank 0/4: Process group initialized with torch rank 0 and torch world size 4.
Model parameters {'hidden_dim': 256, 'spatial_hidden_dim_fraction': 0.125, 'features_hidden_dim_fraction': 0.125, 'mixing_blocks': 3, 'model_parallel': True, 'patch_size': 60, 'stride': 60, 'add': False, 'positional_encoding': False, 'patch_embed': 1, 'latent_rollout': 1, 'upt': False, 'concat': True, 'linear_residual': True, 'dropout': 0.001}
Training subset size 500
Reading from /hkfs/work/workspace/scratch/ke4365-era5_data/era5_subset.zarr
[Errno 2] No such file or directory: '/hkfs/work/workspace/scratch/ke4365-summa/experiments/scaling/strong_scaling/hunderd_million/one/model_1.pt'
[Errno 2] No such file or directory: '/hkfs/work/workspace/scratch/ke4365-summa/experiments/scaling/strong_scaling/hunderd_million/one/model_0.pt'
[Errno 2] No such file or directory: '/hkfs/work/workspace/scratch/ke4365-summa/experiments/scaling/strong_scaling/hunderd_million/one/model_1.pt'
Rank 1 running on CPU core: 145 Allocated GPU(s):, 0,1,2,3
Rank 2 running on CPU core: 42 Allocated GPU(s):, 0,1,2,3
Rank 3 running on CPU core: 117 Allocated GPU(s):, 0,1,2,3
model has 227.461776 million parameters
Estimated forward TFLOPs and GB_COMM: 0.25236769007199994, 0.46869099140167236
[Errno 2] No such file or directory: '/hkfs/work/workspace/scratch/ke4365-summa/experiments/scaling/strong_scaling/hunderd_million/one/model_0.pt'
Initializing model from scratch
Rank 0 running on CPU core: 151 Allocated GPU(s):, 0,1,2,3
/hkfs/work/workspace/scratch/ke4365-summa/.venv/lib64/python3.11/site-packages/torch/autograd/function.py:575: UserWarning: TORCH_NCCL_AVOID_RECORD_STREAMS=1 has no effect for point-to-point collectives. (Triggered internally at /pytorch/torch/csrc/distributed/c10d/ProcessGroupNCCL.cpp:3436.)
  return super().apply(*args, **kwargs)  # type: ignore[misc]
/hkfs/work/workspace/scratch/ke4365-summa/.venv/lib64/python3.11/site-packages/torch/autograd/function.py:575: UserWarning: TORCH_NCCL_AVOID_RECORD_STREAMS=1 has no effect for point-to-point collectives. (Triggered internally at /pytorch/torch/csrc/distributed/c10d/ProcessGroupNCCL.cpp:3436.)
  return super().apply(*args, **kwargs)  # type: ignore[misc]
/hkfs/work/workspace/scratch/ke4365-summa/.venv/lib64/python3.11/site-packages/torch/autograd/function.py:575: UserWarning: TORCH_NCCL_AVOID_RECORD_STREAMS=1 has no effect for point-to-point collectives. (Triggered internally at /pytorch/torch/csrc/distributed/c10d/ProcessGroupNCCL.cpp:3436.)
  return super().apply(*args, **kwargs)  # type: ignore[misc]
/hkfs/work/workspace/scratch/ke4365-summa/.venv/lib64/python3.11/site-packages/torch/autograd/function.py:575: UserWarning: TORCH_NCCL_AVOID_RECORD_STREAMS=1 has no effect for point-to-point collectives. (Triggered internally at /pytorch/torch/csrc/distributed/c10d/ProcessGroupNCCL.cpp:3436.)
  return super().apply(*args, **kwargs)  # type: ignore[misc]
Epoch 0 time [min]: 0.5765761067708334
Epoch 1 time [min]: 0.5537227213541667
Epoch 2 time [min]: 0.5571015625
Epoch 3 time [min]: 0.5649395182291667
Epoch 4 time [min]: 0.5455602864583333
Epoch 5 time [min]: 0.5697212890625
Epoch 6 time [min]: 0.5452438802083334
Epoch 7 time [min]: 0.5452396484375
Epoch 8 time [min]: 0.54488515625
Epoch 9 time [min]: 0.555567578125
Epoch 10 time [min]: 0.5563078776041667
Average epoch time is 0.5558968750000001
Std epoch time is 0.010278555839216013

============================= JOB FEEDBACK =============================

Job ID: 2972929
Cluster: hk
User/Group: ke4365/hk-project-epais
Account: hk-project-p0021348
State: COMPLETED (exit code 0)
Partition: accelerated
Nodes: 1
Cores per node: 152
Nodelist: hkn0626
CPU Utilized: 01:24:45
CPU Efficiency: 6.84% of 20:38:48 core-walltime
Job Wall-clock time: 00:08:09
Starttime: Sat Mar  8 13:06:58 2025
Endtime: Sat Mar  8 13:15:07 2025
Memory Utilized: 46.41 GB (estimated maximum)
Memory Efficiency: 0.00% of 0.00 MB (0.00 MB/node)
Energy Consumed: 510282 Joule / 141.745 Watthours
Average node power draw: 1043.52147239264 Watt
