cp: target '/hkfs/work/workspace/scratch/ke4365-summa/experiments/scaling/fp32_strong_scaling/2_1tflop/one/src' is not a directory
Restoring modules from user's pangu, for system: "hk"
/hkfs/work/workspace/scratch/ke4365-summa/.venv/bin/python
MASTER_ADDR=hkn0521
GpuFreq=control_disabled
Rank 0: world_size 1, slurm_localid 0
Rank 0/1: Process group initialized with torch rank 0 and torch world size 1.
Training parameters {'lr': 0.0001, 'lr_embedding': 2e-05, 'lr_recovery': 2e-05, 'loss': 'L2', 'lr_constant': False, 'train_batch': 1, 'valid_batch': 1, 'identity': False, 'grad_clip': 10, 'save_dir': '/hkfs/work/workspace/scratch/ke4365-summa/experiments/scaling/strong_scaling/hundred_million/one', 'preload': False, 'file_path': '/hkfs/work/workspace/scratch/ke4365-summa/experiments/scaling/strong_scaling/hundred_million/one', 'load_path': '/hkfs/work/workspace/scratch/ke4365-summa/experiments/scaling/strong_scaling/hunderd_million/one', 'area_weighted': True, 'print': True, 'tf32': False}
Model parameters {'hidden_dim': 896, 'spatial_hidden_dim_fraction': 0.125, 'features_hidden_dim_fraction': 1, 'mixing_blocks': 3, 'model_parallel': False, 'patch_size': 60, 'stride': 60, 'add': False, 'positional_encoding': False, 'patch_embed': 1, 'latent_rollout': 1, 'upt': False, 'concat': True, 'linear_residual': True, 'dropout': 0.001}
Training subset size 500
Reading from /hkfs/work/workspace/scratch/ke4365-era5_data/era5_subset.zarr
model has 240.142506 million parameters
Estimated forward TFLOPs and GB_COMM: 0.9904387966639998, 0.6397286653518677
[Errno 2] No such file or directory: '/hkfs/work/workspace/scratch/ke4365-summa/experiments/scaling/strong_scaling/hunderd_million/one'
Initializing model from scratch
Epoch 0 time [min]: 2.606297135416667
Epoch 1 time [min]: 2.55049609375
Epoch 2 time [min]: 2.5408421875
Epoch 3 time [min]: 2.54886875
Epoch 4 time [min]: 2.5431179687500003
Epoch 5 time [min]: 2.541690625
Epoch 6 time [min]: 2.533861979166667
Epoch 7 time [min]: 2.5438625000000004
Epoch 8 time [min]: 2.5519533854166667
Epoch 9 time [min]: 2.5124854166666664
Epoch 10 time [min]: 2.542860416666667
Average epoch time is 2.546939678030303
Std epoch time is 0.021380499956854572

============================= JOB FEEDBACK =============================

Job ID: 2996963
Cluster: hk
User/Group: ke4365/hk-project-epais
Account: hk-project-p0021348
State: COMPLETED (exit code 0)
Partition: accelerated
Nodes: 1
Cores per node: 152
Nodelist: hkn0521
CPU Utilized: 05:13:20
CPU Efficiency: 7.08% of 3-01:45:44 core-walltime
Job Wall-clock time: 00:29:07
Starttime: Wed Mar 19 00:55:22 2025
Endtime: Wed Mar 19 01:24:29 2025
Memory Utilized: 62.47 GB
Memory Efficiency: 0.00% of 0.00 MB
Energy Consumed: 1551132 Joule / 430.87 Watthours
Average node power draw: 887.883228391528 Watt
