cp: target '/hkfs/work/workspace/scratch/ke4365-summa/experiments/scaling/fp32_strong_scaling/4_4tflop/one/src' is not a directory
Restoring modules from user's pangu, for system: "hk"
/hkfs/work/workspace/scratch/ke4365-summa/.venv/bin/python
MASTER_ADDR=hkn0734
GpuFreq=control_disabled
Rank 0: world_size 1, slurm_localid 0
Rank 0/1: Process group initialized with torch rank 0 and torch world size 1.
Training parameters {'lr': 0.0001, 'lr_embedding': 2e-05, 'lr_recovery': 2e-05, 'loss': 'L2', 'lr_constant': False, 'train_batch': 1, 'valid_batch': 1, 'identity': False, 'grad_clip': 10, 'save_dir': '/hkfs/work/workspace/scratch/ke4365-summa/experiments/scaling/strong_scaling/hundred_million/one', 'preload': False, 'file_path': '/hkfs/work/workspace/scratch/ke4365-summa/experiments/scaling/strong_scaling/hundred_million/one', 'load_path': '/hkfs/work/workspace/scratch/ke4365-summa/experiments/scaling/strong_scaling/hunderd_million/one', 'area_weighted': True, 'print': True, 'tf32': False}
Model parameters {'hidden_dim': 2192, 'spatial_hidden_dim_fraction': 0.25, 'features_hidden_dim_fraction': 1, 'mixing_blocks': 3, 'model_parallel': False, 'patch_size': 60, 'stride': 60, 'add': False, 'positional_encoding': False, 'patch_embed': 1, 'latent_rollout': 1, 'upt': False, 'concat': True, 'linear_residual': True, 'dropout': 0.001}
Training subset size 500
Reading from /hkfs/work/workspace/scratch/ke4365-era5_data/era5_subset.zarr
model has 504.46689 million parameters
Estimated forward TFLOPs and GB_COMM: 3.9630232090159994, 1.199349045753479
[Errno 2] No such file or directory: '/hkfs/work/workspace/scratch/ke4365-summa/experiments/scaling/strong_scaling/hunderd_million/one'
Initializing model from scratch
Epoch 0 time [min]: 7.403581770833333
Epoch 1 time [min]: 7.323225520833334
Epoch 2 time [min]: 7.35333125
Epoch 3 time [min]: 7.352992708333333
Epoch 4 time [min]: 7.320804166666666
Epoch 5 time [min]: 7.28168125
Epoch 6 time [min]: 7.369609895833333
Epoch 7 time [min]: 7.339139583333333
Epoch 8 time [min]: 7.316052604166667
Epoch 9 time [min]: 7.3076859375
Epoch 10 time [min]: 7.352634375
Average epoch time is 7.338249005681817
Std epoch time is 0.03171059234991199

============================= JOB FEEDBACK =============================

Job ID: 2987309
Cluster: hk
User/Group: ke4365/hk-project-epais
Account: hk-project-p0021348
State: COMPLETED (exit code 0)
Partition: accelerated
Nodes: 1
Cores per node: 152
Nodelist: hkn0734
CPU Utilized: 05:51:40
CPU Efficiency: 2.83% of 8-15:16:08 core-walltime
Job Wall-clock time: 01:21:49
Starttime: Sat Mar 15 22:10:58 2025
Endtime: Sat Mar 15 23:32:47 2025
Memory Utilized: 70.28 GB
Memory Efficiency: 0.00% of 0.00 MB
Energy Consumed: 4197526 Joule / 1165.97944444444 Watthours
Average node power draw: 855.067427174577 Watt
