cp: target '/hkfs/work/workspace/scratch/ke4365-summa/experiments/scaling/noloading_strong_scaling/0_0.25tflop/two/src' is not a directory
Restoring modules from user's pangu, for system: "hk"
/hkfs/work/workspace/scratch/ke4365-summa/.venv/bin/python
MASTER_ADDR=hkn0404
GpuFreq=control_disabled
Rank 1: world_size 2, slurm_localid 1
Rank 0: world_size 2, slurm_localid 0
Rank 1/2: Process group initialized with torch rank 1 and torch world size 2.
Rank 0/2: Process group initialized with torch rank 0 and torch world size 2.
Model parameters {'hidden_dim': 240, 'spatial_hidden_dim_fraction': 0.125, 'features_hidden_dim_fraction': 1, 'mixing_blocks': 3, 'model_parallel': True, 'patch_size': 60, 'stride': 60, 'add': False, 'positional_encoding': False, 'patch_embed': 1, 'latent_rollout': 1, 'upt': False, 'concat': True, 'linear_residual': True, 'dropout': 0.001}
Training subset size 1250
Reading from /hkfs/work/workspace/scratch/ke4365-era5_data/era5_subset.zarr
model has 227.483352 million parameters
Estimated forward TFLOPs and GB_COMM: 0.248280486792, 0.4758871793746948
[Errno 2] No such file or directory: '/hkfs/work/workspace/scratch/ke4365-summa/experiments/scaling/strong_scaling/hunderd_million/one/model_0.pt'
Initializing model from scratch
[Errno 2] No such file or directory: '/hkfs/work/workspace/scratch/ke4365-summa/experiments/scaling/strong_scaling/hunderd_million/one/model_1.pt'
Rank 0 running on CPU core: 113 Allocated GPU(s):, 0,1
Rank 1 running on CPU core: 151 Allocated GPU(s):, 0,1
/hkfs/work/workspace/scratch/ke4365-summa/.venv/lib64/python3.11/site-packages/torch/autograd/function.py:575: UserWarning: TORCH_NCCL_AVOID_RECORD_STREAMS=1 has no effect for point-to-point collectives. (Triggered internally at /pytorch/torch/csrc/distributed/c10d/ProcessGroupNCCL.cpp:3436.)
  return super().apply(*args, **kwargs)  # type: ignore[misc]
/hkfs/work/workspace/scratch/ke4365-summa/.venv/lib64/python3.11/site-packages/torch/autograd/function.py:575: UserWarning: TORCH_NCCL_AVOID_RECORD_STREAMS=1 has no effect for point-to-point collectives. (Triggered internally at /pytorch/torch/csrc/distributed/c10d/ProcessGroupNCCL.cpp:3436.)
  return super().apply(*args, **kwargs)  # type: ignore[misc]
Epoch 0 time [min]: 1.7098692708333334
Epoch 1 time [min]: 1.6964907552083335
Epoch 2 time [min]: 1.6966765625
Epoch 3 time [min]: 1.696799609375
Epoch 4 time [min]: 1.6966717447916666
Epoch 5 time [min]: 1.69680859375
Epoch 6 time [min]: 1.6971196614583335
Epoch 7 time [min]: 1.6965287760416667
Epoch 8 time [min]: 1.6966140625
Epoch 9 time [min]: 1.6967458333333334
Epoch 10 time [min]: 1.6967201822916667
Average epoch time is 1.6979131865530306
Std epoch time is 0.003784199553738154

============================= JOB FEEDBACK =============================

Job ID: 2994734
Cluster: hk
User/Group: ke4365/hk-project-epais
Account: hk-project-p0021348
State: COMPLETED (exit code 0)
Partition: accelerated
Nodes: 1
Cores per node: 152
Nodelist: hkn0404
CPU Utilized: 00:39:51
CPU Efficiency: 1.29% of 2-03:28:08 core-walltime
Job Wall-clock time: 00:20:19
Starttime: Tue Mar 18 15:32:04 2025
Endtime: Tue Mar 18 15:52:23 2025
Memory Utilized: 8.52 GB (estimated maximum)
Memory Efficiency: 0.00% of 0.00 MB (0.00 MB/node)
Energy Consumed: 1059120 Joule / 294.2 Watthours
Average node power draw: 868.843314191961 Watt
