cp: target '/hkfs/work/workspace/scratch/ke4365-summa/experiments/scaling/noloading_strong_scaling/4_4tflop/two/src' is not a directory
Restoring modules from user's pangu, for system: "hk"
/hkfs/work/workspace/scratch/ke4365-summa/.venv/bin/python
MASTER_ADDR=hkn0510
GpuFreq=control_disabled
Rank 0: world_size 2, slurm_localid 0
Rank 1: world_size 2, slurm_localid 1
Rank 1/2: Process group initialized with torch rank 1 and torch world size 2.
Rank 0/2: Process group initialized with torch rank 0 and torch world size 2.
Model parameters {'hidden_dim': 2192, 'spatial_hidden_dim_fraction': 0.25, 'features_hidden_dim_fraction': 1, 'mixing_blocks': 3, 'model_parallel': True, 'patch_size': 60, 'stride': 60, 'add': False, 'positional_encoding': False, 'patch_embed': 1, 'latent_rollout': 1, 'upt': False, 'concat': True, 'linear_residual': True, 'dropout': 0.001}
Training subset size 1250
Reading from /hkfs/work/workspace/scratch/ke4365-era5_data/era5_subset.zarr
model has 505.261128 million parameters
Estimated forward TFLOPs and GB_COMM: 3.9630232090159994, 1.199349045753479
[Errno 2] No such file or directory: '/hkfs/work/workspace/scratch/ke4365-summa/experiments/scaling/strong_scaling/hunderd_million/one/model_0.pt'
Initializing model from scratch
[Errno 2] No such file or directory: '/hkfs/work/workspace/scratch/ke4365-summa/experiments/scaling/strong_scaling/hunderd_million/one/model_1.pt'
Rank 0 running on CPU core: 0 Allocated GPU(s):, 0,1
Rank 1 running on CPU core: 114 Allocated GPU(s):, 0,1
/hkfs/work/workspace/scratch/ke4365-summa/.venv/lib64/python3.11/site-packages/torch/autograd/function.py:575: UserWarning: TORCH_NCCL_AVOID_RECORD_STREAMS=1 has no effect for point-to-point collectives. (Triggered internally at /pytorch/torch/csrc/distributed/c10d/ProcessGroupNCCL.cpp:3436.)
  return super().apply(*args, **kwargs)  # type: ignore[misc]
/hkfs/work/workspace/scratch/ke4365-summa/.venv/lib64/python3.11/site-packages/torch/autograd/function.py:575: UserWarning: TORCH_NCCL_AVOID_RECORD_STREAMS=1 has no effect for point-to-point collectives. (Triggered internally at /pytorch/torch/csrc/distributed/c10d/ProcessGroupNCCL.cpp:3436.)
  return super().apply(*args, **kwargs)  # type: ignore[misc]
Epoch 0 time [min]: 4.022827604166666
Epoch 1 time [min]: 4.01242734375
Epoch 2 time [min]: 4.01184140625
Epoch 3 time [min]: 4.011405989583333
Epoch 4 time [min]: 4.011761197916667
Epoch 5 time [min]: 4.0143283854166665
Epoch 6 time [min]: 4.013380989583333
Epoch 7 time [min]: 4.014207291666667
Epoch 8 time [min]: 4.014992447916667
Epoch 9 time [min]: 4.013193229166666
Epoch 10 time [min]: 4.0138140625
Average epoch time is 4.014016358901515
Std epoch time is 0.003000029341569002

============================= JOB FEEDBACK =============================

Job ID: 2986812
Cluster: hk
User/Group: ke4365/hk-project-epais
Account: hk-project-p0021348
State: COMPLETED (exit code 0)
Partition: accelerated
Nodes: 1
Cores per node: 152
Nodelist: hkn0510
CPU Utilized: 01:30:52
CPU Efficiency: 1.30% of 4-20:24:24 core-walltime
Job Wall-clock time: 00:45:57
Starttime: Sat Mar 15 08:57:25 2025
Endtime: Sat Mar 15 09:43:22 2025
Memory Utilized: 8.91 GB (estimated maximum)
Memory Efficiency: 0.00% of 0.00 MB (0.00 MB/node)
Energy Consumed: 2867648 Joule / 796.568888888889 Watthours
Average node power draw: 1040.13347841857 Watt
