cp: target '/hkfs/work/workspace/scratch/ke4365-summa/experiments/scaling/strong_scaling/5_8tflop/two/src' is not a directory
Restoring modules from user's pangu, for system: "hk"
/hkfs/work/workspace/scratch/ke4365-summa/.venv/bin/python
MASTER_ADDR=hkn0419
GpuFreq=control_disabled
Rank 0: world_size 2, slurm_localid 0
Rank 1: world_size 2, slurm_localid 1
Rank 1/2: Process group initialized with torch rank 1 and torch world size 2.
Rank 0/2: Process group initialized with torch rank 0 and torch world size 2.
Training parameters {'lr': 0.0001, 'lr_embedding': 2e-05, 'lr_recovery': 2e-05, 'loss': 'L2', 'lr_constant': False, 'train_batch': 1, 'valid_batch': 1, 'identity': False, 'grad_clip': 10, 'save_dir': '/hkfs/work/workspace/scratch/ke4365-summa/experiments/scaling/strong_scaling/hundred_million/one', 'preload': False, 'file_path': '/hkfs/work/workspace/scratch/ke4365-summa/experiments/scaling/strong_scaling/hundred_million/one', 'load_path': '/hkfs/work/workspace/scratch/ke4365-summa/experiments/scaling/strong_scaling/hunderd_million/one', 'area_weighted': True, 'print': True, 'tf32': True}
Model parameters {'hidden_dim': 2832, 'spatial_hidden_dim_fraction': 0.5, 'features_hidden_dim_fraction': 1, 'mixing_blocks': 3, 'model_parallel': True, 'patch_size': 60, 'stride': 60, 'add': False, 'positional_encoding': False, 'patch_embed': 1, 'latent_rollout': 1, 'upt': False, 'concat': True, 'linear_residual': True, 'dropout': 0.001}
Training subset size 1250
Reading from /hkfs/work/workspace/scratch/ke4365-era5_data/era5_subset.zarr
[Errno 2] No such file or directory: '/hkfs/work/workspace/scratch/ke4365-summa/experiments/scaling/strong_scaling/hunderd_million/one/model_1.pt'
model has 980.771688 million parameters
Estimated forward TFLOPs and GB_COMM: 8.026604615256, 1.8282805681228638
[Errno 2] No such file or directory: '/hkfs/work/workspace/scratch/ke4365-summa/experiments/scaling/strong_scaling/hunderd_million/one/model_0.pt'
Initializing model from scratch
Rank 1 running on CPU core: 75 Allocated GPU(s):, 0,1
Rank 0 running on CPU core: 37 Allocated GPU(s):, 0,1
/hkfs/work/workspace/scratch/ke4365-summa/.venv/lib64/python3.11/site-packages/torch/autograd/function.py:575: UserWarning: TORCH_NCCL_AVOID_RECORD_STREAMS=1 has no effect for point-to-point collectives. (Triggered internally at /pytorch/torch/csrc/distributed/c10d/ProcessGroupNCCL.cpp:3436.)
  return super().apply(*args, **kwargs)  # type: ignore[misc]
/hkfs/work/workspace/scratch/ke4365-summa/.venv/lib64/python3.11/site-packages/torch/autograd/function.py:575: UserWarning: TORCH_NCCL_AVOID_RECORD_STREAMS=1 has no effect for point-to-point collectives. (Triggered internally at /pytorch/torch/csrc/distributed/c10d/ProcessGroupNCCL.cpp:3436.)
  return super().apply(*args, **kwargs)  # type: ignore[misc]
Epoch 0 time [min]: 6.192841145833333
Epoch 1 time [min]: 6.109258854166667
Epoch 2 time [min]: 6.103878125
Epoch 3 time [min]: 6.1151828125
Epoch 4 time [min]: 6.113709375
Epoch 5 time [min]: 6.110096354166667
Epoch 6 time [min]: 6.1180578125
Epoch 7 time [min]: 6.1135359375
Epoch 8 time [min]: 6.0980984375
Epoch 9 time [min]: 6.1127593749999996
Epoch 10 time [min]: 6.097719791666666
Average epoch time is 6.109229687499999
Std epoch time is 0.006709837426813845

============================= JOB FEEDBACK =============================

Job ID: 2986964
Cluster: hk
User/Group: ke4365/hk-project-epais
Account: hk-project-p0021348
State: COMPLETED (exit code 0)
Partition: accelerated
Nodes: 1
Cores per node: 152
Nodelist: hkn0419
CPU Utilized: 14:14:23
CPU Efficiency: 8.21% of 7-05:26:56 core-walltime
Job Wall-clock time: 01:08:28
Starttime: Sat Mar 15 17:34:01 2025
Endtime: Sat Mar 15 18:42:29 2025
Memory Utilized: 67.72 GB (estimated maximum)
Memory Efficiency: 0.00% of 0.00 MB (0.00 MB/node)
Energy Consumed: 4895060 Joule / 1359.73888888889 Watthours
Average node power draw: 1191.59201557936 Watt
