cp: target '/hkfs/work/workspace/scratch/ke4365-summa/experiments/scaling/noloading_strong_scaling/0_0.25tflop/one/src' is not a directory
Restoring modules from user's pangu, for system: "hk"
/hkfs/work/workspace/scratch/ke4365-summa/.venv/bin/python
MASTER_ADDR=hkn0405
GpuFreq=control_disabled
Rank 0: world_size 1, slurm_localid 0
Rank 0/1: Process group initialized with torch rank 0 and torch world size 1.
Model parameters {'hidden_dim': 240, 'spatial_hidden_dim_fraction': 0.125, 'features_hidden_dim_fraction': 1, 'mixing_blocks': 3, 'model_parallel': False, 'patch_size': 60, 'stride': 60, 'add': False, 'positional_encoding': False, 'patch_embed': 1, 'latent_rollout': 1, 'upt': False, 'concat': True, 'linear_residual': True, 'dropout': 0.001}
Training subset size 1250
Reading from /hkfs/work/workspace/scratch/ke4365-era5_data/era5_subset.zarr
model has 227.391834 million parameters
Estimated forward TFLOPs and GB_COMM: 0.248280486792, 0.4758871793746948
[Errno 2] No such file or directory: '/hkfs/work/workspace/scratch/ke4365-summa/experiments/scaling/strong_scaling/hunderd_million/one'
Initializing model from scratch
Epoch 0 time [min]: 2.0357662760416666
Epoch 1 time [min]: 2.028764453125
Epoch 2 time [min]: 2.0292346354166666
Epoch 3 time [min]: 2.0294986979166665
Epoch 4 time [min]: 2.028849609375
Epoch 5 time [min]: 2.0293291666666664
Epoch 6 time [min]: 2.029534375
Epoch 7 time [min]: 2.029724348958333
Epoch 8 time [min]: 2.029747786458333
Epoch 9 time [min]: 2.029966015625
Epoch 10 time [min]: 2.028274869791667
Average epoch time is 2.029880930397727
Std epoch time is 0.0019203384136846414

============================= JOB FEEDBACK =============================

Job ID: 2994733
Cluster: hk
User/Group: ke4365/hk-project-epais
Account: hk-project-p0021348
State: COMPLETED (exit code 0)
Partition: accelerated
Nodes: 1
Cores per node: 152
Nodelist: hkn0405
CPU Utilized: 00:24:27
CPU Efficiency: 0.65% of 2-14:31:52 core-walltime
Job Wall-clock time: 00:24:41
Starttime: Tue Mar 18 15:32:04 2025
Endtime: Tue Mar 18 15:56:45 2025
Memory Utilized: 6.18 GB
Memory Efficiency: 0.00% of 0.00 MB
Energy Consumed: 1180142 Joule / 327.817222222222 Watthours
Average node power draw: 796.854827819041 Watt
