cp: target '/hkfs/work/workspace/scratch/ke4365-summa/experiments/scaling/noloading_strong_scaling/1_0.5tflop/one/src' is not a directory
Restoring modules from user's pangu, for system: "hk"
/hkfs/work/workspace/scratch/ke4365-summa/.venv/bin/python
MASTER_ADDR=hkn0821
GpuFreq=control_disabled
Rank 0: world_size 1, slurm_localid 0
Rank 0/1: Process group initialized with torch rank 0 and torch world size 1.
Model parameters {'hidden_dim': 512, 'spatial_hidden_dim_fraction': 0.125, 'features_hidden_dim_fraction': 0.5, 'mixing_blocks': 3, 'model_parallel': False, 'patch_size': 60, 'stride': 60, 'add': False, 'positional_encoding': False, 'patch_embed': 1, 'latent_rollout': 1, 'upt': False, 'concat': True, 'linear_residual': True, 'dropout': 0.001}
Training subset size 1250
Reading from /hkfs/work/workspace/scratch/ke4365-era5_data/era5_subset.zarr
model has 231.26481 million parameters
Estimated forward TFLOPs and GB_COMM: 0.507167236088, 0.5301457643508911
[Errno 2] No such file or directory: '/hkfs/work/workspace/scratch/ke4365-summa/experiments/scaling/strong_scaling/hunderd_million/one'
Initializing model from scratch
Epoch 0 time [min]: 2.1746830729166664
Epoch 1 time [min]: 2.1730274739583333
Epoch 2 time [min]: 2.1734153645833336
Epoch 3 time [min]: 2.1754421875000003
Epoch 4 time [min]: 2.1737265625
Epoch 5 time [min]: 2.174137109375
Epoch 6 time [min]: 2.17403203125
Epoch 7 time [min]: 2.173167708333333
Epoch 8 time [min]: 2.1741783854166665
Epoch 9 time [min]: 2.1735904947916667
Epoch 10 time [min]: 2.17477421875
Average epoch time is 2.1740158735795454
Std epoch time is 0.0007017873417120034

============================= JOB FEEDBACK =============================

Job ID: 2998988
Cluster: hk
User/Group: ke4365/hk-project-epais
Account: hk-project-p0021348
State: COMPLETED (exit code 0)
Partition: accelerated
Nodes: 1
Cores per node: 152
Nodelist: hkn0821
CPU Utilized: 00:26:05
CPU Efficiency: 0.66% of 2-17:41:52 core-walltime
Job Wall-clock time: 00:25:56
Starttime: Wed Mar 19 11:37:22 2025
Endtime: Wed Mar 19 12:03:18 2025
Memory Utilized: 6.24 GB
Memory Efficiency: 0.00% of 0.00 MB
Energy Consumed: 1213997 Joule / 337.221388888889 Watthours
Average node power draw: 780.203727506427 Watt
