cp: target '/hkfs/work/workspace/scratch/ke4365-summa/experiments/scaling/fp32_noloading/4_4tflop/one/src' is not a directory
Restoring modules from user's pangu, for system: "hk"
/hkfs/work/workspace/scratch/ke4365-summa/.venv/bin/python
MASTER_ADDR=hkn0518
GpuFreq=control_disabled
Rank 0: world_size 1, slurm_localid 0
Rank 0/1: Process group initialized with torch rank 0 and torch world size 1.
Model parameters {'hidden_dim': 2192, 'spatial_hidden_dim_fraction': 0.25, 'features_hidden_dim_fraction': 1, 'mixing_blocks': 3, 'model_parallel': False, 'patch_size': 60, 'stride': 60, 'add': False, 'positional_encoding': False, 'patch_embed': 1, 'latent_rollout': 1, 'upt': False, 'concat': True, 'linear_residual': True, 'dropout': 0.001}
Training subset size 500
Reading from /hkfs/work/workspace/scratch/ke4365-era5_data/era5_subset.zarr
model has 504.46689 million parameters
Estimated forward TFLOPs and GB_COMM: 3.9630232090159994, 1.199349045753479
[Errno 2] No such file or directory: '/hkfs/work/workspace/scratch/ke4365-summa/experiments/scaling/strong_scaling/hunderd_million/one'
Initializing model from scratch
Epoch 0 time [min]: 7.043849479166667
Epoch 1 time [min]: 7.039723958333334
Epoch 2 time [min]: 7.041120833333333
Epoch 3 time [min]: 7.044642708333333
Epoch 4 time [min]: 7.0431968750000005
Epoch 5 time [min]: 7.041634375
Epoch 6 time [min]: 7.040413020833333
Epoch 7 time [min]: 7.042744791666666
Epoch 8 time [min]: 7.0434906250000004
Epoch 9 time [min]: 7.043797395833334
Epoch 10 time [min]: 7.042281770833333
Average epoch time is 7.042445075757575
Std epoch time is 0.0014878343588350493

============================= JOB FEEDBACK =============================

Job ID: 2987283
Cluster: hk
User/Group: ke4365/hk-project-epais
Account: hk-project-p0021348
State: COMPLETED (exit code 0)
Partition: accelerated
Nodes: 1
Cores per node: 152
Nodelist: hkn0518
CPU Utilized: 01:45:17
CPU Efficiency: 0.86% of 8-11:05:20 core-walltime
Job Wall-clock time: 01:20:10
Starttime: Sat Mar 15 16:21:37 2025
Endtime: Sat Mar 15 17:41:47 2025
Memory Utilized: 40.82 GB
Memory Efficiency: 0.00% of 0.00 MB
Energy Consumed: 3871699 Joule / 1075.47194444444 Watthours
Average node power draw: 804.927027027027 Watt
