cp: target '/hkfs/work/workspace/scratch/ke4365-summa/experiments/scaling/fp32_strong_scaling/5_8tflop/one/src' is not a directory
Restoring modules from user's pangu, for system: "hk"
/hkfs/work/workspace/scratch/ke4365-summa/.venv/bin/python
MASTER_ADDR=hkn0734
GpuFreq=control_disabled
Rank 0: world_size 1, slurm_localid 0
Rank 0/1: Process group initialized with torch rank 0 and torch world size 1.
Training parameters {'lr': 0.0001, 'lr_embedding': 2e-05, 'lr_recovery': 2e-05, 'loss': 'L2', 'lr_constant': False, 'train_batch': 1, 'valid_batch': 1, 'identity': False, 'grad_clip': 10, 'save_dir': '/hkfs/work/workspace/scratch/ke4365-summa/experiments/scaling/strong_scaling/hundred_million/one', 'preload': False, 'file_path': '/hkfs/work/workspace/scratch/ke4365-summa/experiments/scaling/strong_scaling/hundred_million/one', 'load_path': '/hkfs/work/workspace/scratch/ke4365-summa/experiments/scaling/strong_scaling/hunderd_million/one', 'area_weighted': True, 'print': True, 'tf32': False}
Model parameters {'hidden_dim': 2832, 'spatial_hidden_dim_fraction': 0.5, 'features_hidden_dim_fraction': 1, 'mixing_blocks': 3, 'model_parallel': False, 'patch_size': 60, 'stride': 60, 'add': False, 'positional_encoding': False, 'patch_embed': 1, 'latent_rollout': 1, 'upt': False, 'concat': True, 'linear_residual': True, 'dropout': 0.001}
Training subset size 500
Reading from /hkfs/work/workspace/scratch/ke4365-era5_data/era5_subset.zarr
model has 979.74705 million parameters
Estimated forward TFLOPs and GB_COMM: 8.026604615256, 1.8282805681228638
[Errno 2] No such file or directory: '/hkfs/work/workspace/scratch/ke4365-summa/experiments/scaling/strong_scaling/hunderd_million/one'
Initializing model from scratch
Epoch 0 time [min]: 13.758051041666667
Epoch 1 time [min]: 13.613951041666667
Epoch 2 time [min]: 13.684678125
Epoch 3 time [min]: 13.669383333333334
Epoch 4 time [min]: 13.635434374999999
Epoch 5 time [min]: 13.647531249999998
Epoch 6 time [min]: 13.659041666666667
Epoch 7 time [min]: 13.655376041666667
Epoch 8 time [min]: 13.665310416666667
Epoch 9 time [min]: 13.648605208333333
Epoch 10 time [min]: 13.641836458333334
Average epoch time is 13.661745359848483
Std epoch time is 0.03524879900247057

============================= JOB FEEDBACK =============================

Job ID: 2987312
Cluster: hk
User/Group: ke4365/hk-project-epais
Account: hk-project-p0021348
State: COMPLETED (exit code 0)
Partition: accelerated
Nodes: 1
Cores per node: 152
Nodelist: hkn0734
CPU Utilized: 06:57:46
CPU Efficiency: 1.82% of 15-23:27:44 core-walltime
Job Wall-clock time: 02:31:22
Starttime: Sat Mar 15 23:32:58 2025
Endtime: Sun Mar 16 02:04:20 2025
Memory Utilized: 68.54 GB
Memory Efficiency: 0.00% of 0.00 MB
Energy Consumed: 7648964 Joule / 2124.71222222222 Watthours
Average node power draw: 842.211407179035 Watt
