cp: target '/hkfs/work/workspace/scratch/ke4365-summa/experiments/scaling/fp32_noloading/0_0.25tflop/two/src' is not a directory
Restoring modules from user's pangu, for system: "hk"
/hkfs/work/workspace/scratch/ke4365-summa/.venv/bin/python
MASTER_ADDR=hkn0626
GpuFreq=control_disabled
Rank 0: world_size 2, slurm_localid 0
Rank 1: world_size 2, slurm_localid 1
Rank 0/2: Process group initialized with torch rank 0 and torch world size 2.
Rank 1/2: Process group initialized with torch rank 1 and torch world size 2.
Model parameters {'hidden_dim': 256, 'spatial_hidden_dim_fraction': 0.125, 'features_hidden_dim_fraction': 0.125, 'mixing_blocks': 3, 'model_parallel': True, 'patch_size': 60, 'stride': 60, 'add': False, 'positional_encoding': False, 'patch_embed': 1, 'latent_rollout': 1, 'upt': False, 'concat': True, 'linear_residual': True, 'dropout': 0.001}
Training subset size 500
Reading from /hkfs/work/workspace/scratch/ke4365-era5_data/era5_subset.zarr
[Errno 2] No such file or directory: '/hkfs/work/workspace/scratch/ke4365-summa/experiments/scaling/strong_scaling/hunderd_million/one/model_1.pt'
model has 227.393928 million parameters
Estimated forward TFLOPs and GB_COMM: 0.25236769007199994, 0.46869099140167236
[Errno 2] No such file or directory: '/hkfs/work/workspace/scratch/ke4365-summa/experiments/scaling/strong_scaling/hunderd_million/one/model_0.pt'
Initializing model from scratch
Rank 0 running on CPU core: 113 Allocated GPU(s):, 0,1
Rank 1 running on CPU core: 40 Allocated GPU(s):, 0,1
/hkfs/work/workspace/scratch/ke4365-summa/.venv/lib64/python3.11/site-packages/torch/autograd/function.py:575: UserWarning: TORCH_NCCL_AVOID_RECORD_STREAMS=1 has no effect for point-to-point collectives. (Triggered internally at /pytorch/torch/csrc/distributed/c10d/ProcessGroupNCCL.cpp:3436.)
  return super().apply(*args, **kwargs)  # type: ignore[misc]
/hkfs/work/workspace/scratch/ke4365-summa/.venv/lib64/python3.11/site-packages/torch/autograd/function.py:575: UserWarning: TORCH_NCCL_AVOID_RECORD_STREAMS=1 has no effect for point-to-point collectives. (Triggered internally at /pytorch/torch/csrc/distributed/c10d/ProcessGroupNCCL.cpp:3436.)
  return super().apply(*args, **kwargs)  # type: ignore[misc]
Epoch 0 time [min]: 0.7818340494791667
Epoch 1 time [min]: 0.768205859375
Epoch 2 time [min]: 0.8204154296875
Epoch 3 time [min]: 0.7684136718750001
Epoch 4 time [min]: 0.7684225911458333
Epoch 5 time [min]: 0.7687177083333334
Epoch 6 time [min]: 0.7688407552083334
Epoch 7 time [min]: 0.7686742838541666
Epoch 8 time [min]: 0.790787890625
Epoch 9 time [min]: 0.7689453776041667
Epoch 10 time [min]: 0.7690251953125
Average epoch time is 0.7765711647727275
Std epoch time is 0.015532798482246514

============================= JOB FEEDBACK =============================

Job ID: 2972931
Cluster: hk
User/Group: ke4365/hk-project-epais
Account: hk-project-p0021348
State: COMPLETED (exit code 0)
Partition: accelerated
Nodes: 1
Cores per node: 152
Nodelist: hkn0626
CPU Utilized: 00:49:15
CPU Efficiency: 3.07% of 1-02:43:36 core-walltime
Job Wall-clock time: 00:10:33
Starttime: Sat Mar  8 13:29:46 2025
Endtime: Sat Mar  8 13:40:19 2025
Memory Utilized: 38.83 GB (estimated maximum)
Memory Efficiency: 0.00% of 0.00 MB (0.00 MB/node)
Energy Consumed: 556211 Joule / 154.503055555556 Watthours
Average node power draw: 878.690363349131 Watt
