cp: target '/hkfs/work/workspace/scratch/ke4365-summa/experiments/scaling/strong_scaling/5_8tflop/four/src' is not a directory
Restoring modules from user's pangu, for system: "hk"
/hkfs/work/workspace/scratch/ke4365-summa/.venv/bin/python
MASTER_ADDR=hkn0419
GpuFreq=control_disabled
Rank 0: world_size 4, slurm_localid 0
Rank 1: world_size 4, slurm_localid 1
Rank 2: world_size 4, slurm_localid 2
Rank 3: world_size 4, slurm_localid 3
Rank 3/4: Process group initialized with torch rank 3 and torch world size 4.
Rank 2/4: Process group initialized with torch rank 2 and torch world size 4.
Rank 1/4: Process group initialized with torch rank 1 and torch world size 4.
Rank 0/4: Process group initialized with torch rank 0 and torch world size 4.
Training parameters {'lr': 0.0001, 'lr_embedding': 2e-05, 'lr_recovery': 2e-05, 'loss': 'L2', 'lr_constant': False, 'train_batch': 1, 'valid_batch': 1, 'identity': False, 'grad_clip': 10, 'save_dir': '/hkfs/work/workspace/scratch/ke4365-summa/experiments/scaling/strong_scaling/hundred_million/one', 'preload': False, 'file_path': '/hkfs/work/workspace/scratch/ke4365-summa/experiments/scaling/strong_scaling/hundred_million/one', 'load_path': '/hkfs/work/workspace/scratch/ke4365-summa/experiments/scaling/strong_scaling/hunderd_million/one', 'area_weighted': True, 'print': True, 'tf32': True}
Model parameters {'hidden_dim': 2832, 'spatial_hidden_dim_fraction': 0.5, 'features_hidden_dim_fraction': 1, 'mixing_blocks': 3, 'model_parallel': True, 'patch_size': 60, 'stride': 60, 'add': False, 'positional_encoding': False, 'patch_embed': 1, 'latent_rollout': 1, 'upt': False, 'concat': True, 'linear_residual': True, 'dropout': 0.001}
Training subset size 1250
Reading from /hkfs/work/workspace/scratch/ke4365-era5_data/era5_subset.zarr
[Errno 2] No such file or directory: '/hkfs/work/workspace/scratch/ke4365-summa/experiments/scaling/strong_scaling/hunderd_million/one/model_1.pt'
[Errno 2] No such file or directory: '/hkfs/work/workspace/scratch/ke4365-summa/experiments/scaling/strong_scaling/hunderd_million/one/model_0.pt'
[Errno 2] No such file or directory: '/hkfs/work/workspace/scratch/ke4365-summa/experiments/scaling/strong_scaling/hunderd_million/one/model_1.pt'
model has 980.913744 million parameters
Estimated forward TFLOPs and GB_COMM: 8.026604615256, 1.8282805681228638
[Errno 2] No such file or directory: '/hkfs/work/workspace/scratch/ke4365-summa/experiments/scaling/strong_scaling/hunderd_million/one/model_0.pt'
Initializing model from scratch
/hkfs/work/workspace/scratch/ke4365-summa/.venv/lib64/python3.11/site-packages/torch/autograd/function.py:575: UserWarning: TORCH_NCCL_AVOID_RECORD_STREAMS=1 has no effect for point-to-point collectives. (Triggered internally at /pytorch/torch/csrc/distributed/c10d/ProcessGroupNCCL.cpp:3436.)
  return super().apply(*args, **kwargs)  # type: ignore[misc]
/hkfs/work/workspace/scratch/ke4365-summa/.venv/lib64/python3.11/site-packages/torch/autograd/function.py:575: UserWarning: TORCH_NCCL_AVOID_RECORD_STREAMS=1 has no effect for point-to-point collectives. (Triggered internally at /pytorch/torch/csrc/distributed/c10d/ProcessGroupNCCL.cpp:3436.)
  return super().apply(*args, **kwargs)  # type: ignore[misc]
/hkfs/work/workspace/scratch/ke4365-summa/.venv/lib64/python3.11/site-packages/torch/autograd/function.py:575: UserWarning: TORCH_NCCL_AVOID_RECORD_STREAMS=1 has no effect for point-to-point collectives. (Triggered internally at /pytorch/torch/csrc/distributed/c10d/ProcessGroupNCCL.cpp:3436.)
  return super().apply(*args, **kwargs)  # type: ignore[misc]
/hkfs/work/workspace/scratch/ke4365-summa/.venv/lib64/python3.11/site-packages/torch/autograd/function.py:575: UserWarning: TORCH_NCCL_AVOID_RECORD_STREAMS=1 has no effect for point-to-point collectives. (Triggered internally at /pytorch/torch/csrc/distributed/c10d/ProcessGroupNCCL.cpp:3436.)
  return super().apply(*args, **kwargs)  # type: ignore[misc]
Epoch 0 time [min]: 4.5239390625
Epoch 1 time [min]: 4.447121875
Epoch 2 time [min]: 4.44339375
Epoch 3 time [min]: 4.45130625
Epoch 4 time [min]: 4.441911979166666
Epoch 5 time [min]: 4.451165625
Epoch 6 time [min]: 4.44654375
Epoch 7 time [min]: 4.449427604166667
Epoch 8 time [min]: 4.451534895833333
Epoch 9 time [min]: 4.448019270833333
Epoch 10 time [min]: 4.45423125
Average epoch time is 4.455326846590909
Std epoch time is 0.02197461322007872

============================= JOB FEEDBACK =============================

Job ID: 2986965
Cluster: hk
User/Group: ke4365/hk-project-epais
Account: hk-project-p0021348
State: COMPLETED (exit code 0)
Partition: accelerated
Nodes: 1
Cores per node: 152
Nodelist: hkn0419
CPU Utilized: 20:01:24
CPU Efficiency: 15.78% of 5-06:55:12 core-walltime
Job Wall-clock time: 00:50:06
Starttime: Sat Mar 15 18:42:40 2025
Endtime: Sat Mar 15 19:32:46 2025
Memory Utilized: 71.35 GB (estimated maximum)
Memory Efficiency: 0.00% of 0.00 MB (0.00 MB/node)
Energy Consumed: 4882995 Joule / 1356.3875 Watthours
Average node power draw: 1624.41616766467 Watt
