cp: target '/hkfs/work/workspace/scratch/ke4365-summa/experiments/scaling/noloading_strong_scaling/3_2tflop/one/src' is not a directory
Restoring modules from user's pangu, for system: "hk"
/hkfs/work/workspace/scratch/ke4365-summa/.venv/bin/python
MASTER_ADDR=hkn0409
GpuFreq=control_disabled
Rank 0: world_size 1, slurm_localid 0
Rank 0/1: Process group initialized with torch rank 0 and torch world size 1.
Model parameters {'hidden_dim': 1600, 'spatial_hidden_dim_fraction': 0.125, 'features_hidden_dim_fraction': 1, 'mixing_blocks': 3, 'model_parallel': False, 'patch_size': 60, 'stride': 60, 'add': False, 'positional_encoding': False, 'patch_embed': 1, 'latent_rollout': 1, 'upt': False, 'concat': True, 'linear_residual': True, 'dropout': 0.001}
Training subset size 1250
Reading from /hkfs/work/workspace/scratch/ke4365-era5_data/era5_subset.zarr
model has 259.570794 million parameters
Estimated forward TFLOPs and GB_COMM: 1.9854361315120002, 0.8209086656570435
[Errno 2] No such file or directory: '/hkfs/work/workspace/scratch/ke4365-summa/experiments/scaling/strong_scaling/hunderd_million/one'
Initializing model from scratch
Epoch 0 time [min]: 3.5788854166666666
Epoch 1 time [min]: 3.5749757812499996
Epoch 2 time [min]: 3.5743515625
Epoch 3 time [min]: 3.5761041666666666
Epoch 4 time [min]: 3.5773927083333334
Epoch 5 time [min]: 3.57665703125
Epoch 6 time [min]: 3.5778171875
Epoch 7 time [min]: 3.5795572916666667
Epoch 8 time [min]: 3.577829427083333
Epoch 9 time [min]: 3.579231770833333
Epoch 10 time [min]: 3.57918046875
Average epoch time is 3.5774529829545454
Std epoch time is 0.0016818400303627269

============================= JOB FEEDBACK =============================

Job ID: 2997940
Cluster: hk
User/Group: ke4365/hk-project-epais
Account: hk-project-p0021348
State: COMPLETED (exit code 0)
Partition: accelerated
Nodes: 1
Cores per node: 152
Nodelist: hkn0409
CPU Utilized: 00:41:27
CPU Efficiency: 0.66% of 4-08:40:08 core-walltime
Job Wall-clock time: 00:41:19
Starttime: Wed Mar 19 08:26:20 2025
Endtime: Wed Mar 19 09:07:39 2025
Memory Utilized: 6.47 GB
Memory Efficiency: 0.00% of 0.00 MB
Energy Consumed: 2047108 Joule / 568.641111111111 Watthours
Average node power draw: 825.779749899153 Watt
