cp: target '/hkfs/work/workspace/scratch/ke4365-summa/experiments/scaling/DDP/node_16/two/src' is not a directory
Restoring modules from user's pangu, for system: "hk"
/hkfs/work/workspace/scratch/ke4365-summa/.venv/bin/python
MASTER_ADDR=hkn0436
GpuFreq=control_disabled
GpuFreq=control_disabled
GpuFreq=control_disabled
GpuFreq=control_disabled
GpuFreq=control_disabled
GpuFreq=control_disabled
GpuFreq=control_disabled
GpuFreq=control_disabled
GpuFreq=control_disabled
GpuFreq=control_disabled
GpuFreq=control_disabled
GpuFreq=control_disabled
GpuFreq=control_disabled
GpuFreq=control_disabled
GpuFreq=control_disabled
GpuFreq=control_disabled
Rank 14: world_size 64, slurm_localid 2
Rank 12: world_size 64, slurm_localid 0
Rank 13: world_size 64, slurm_localid 1
Rank 15: world_size 64, slurm_localid 3
Rank 42: world_size 64, slurm_localid 2
Rank 41: world_size 64, slurm_localid 1
Rank 43: world_size 64, slurm_localid 3
Rank 40: world_size 64, slurm_localid 0
Rank 56: world_size 64, slurm_localid 0
Rank 58: world_size 64, slurm_localid 2
Rank 59: world_size 64, slurm_localid 3
Rank 57: world_size 64, slurm_localid 1
Rank 52: world_size 64, slurm_localid 0
Rank 54: world_size 64, slurm_localid 2
Rank 55: world_size 64, slurm_localid 3
Rank 37: world_size 64, slurm_localid 1
Rank 39: world_size 64, slurm_localid 3
Rank 36: world_size 64, slurm_localid 0
Rank 38: world_size 64, slurm_localid 2
Rank 53: world_size 64, slurm_localid 1
Rank 63: world_size 64, slurm_localid 3
Rank 60: world_size 64, slurm_localid 0
Rank 61: world_size 64, slurm_localid 1
Rank 62: world_size 64, slurm_localid 2
Rank 1: world_size 64, slurm_localid 1
Rank 0: world_size 64, slurm_localid 0
Rank 2: world_size 64, slurm_localid 2
Rank 3: world_size 64, slurm_localid 3
Rank 44: world_size 64, slurm_localid 0
Rank 45: world_size 64, slurm_localid 1
Rank 46: world_size 64, slurm_localid 2
Rank 47: world_size 64, slurm_localid 3
Rank 32: world_size 64, slurm_localid 0
Rank 33: world_size 64, slurm_localid 1
Rank 34: world_size 64, slurm_localid 2
Rank 35: world_size 64, slurm_localid 3
Rank 56/64: Process group initialized with torch rank 56 and torch world size 64.
Rank 44/64: Process group initialized with torch rank 44 and torch world size 64.
Rank 52/64: Process group initialized with torch rank 52 and torch world size 64.
Rank 48: world_size 64, slurm_localid 0
Rank 49: world_size 64, slurm_localid 1
Rank 50: world_size 64, slurm_localid 2
Rank 51: world_size 64, slurm_localid 3
Rank 40/64: Process group initialized with torch rank 40 and torch world size 64.
Rank 60/64: Process group initialized with torch rank 60 and torch world size 64.
Rank 15/64: Process group initialized with torch rank 15 and torch world size 64.
Rank 14/64: Process group initialized with torch rank 14 and torch world size 64.
Rank 13/64: Process group initialized with torch rank 13 and torch world size 64.
Rank 36/64: Process group initialized with torch rank 36 and torch world size 64.
Rank 39/64: Process group initialized with torch rank 39 and torch world size 64.
Rank 1/64: Process group initialized with torch rank 1 and torch world size 64.
Rank 37/64: Process group initialized with torch rank 37 and torch world size 64.
Rank 42/64: Process group initialized with torch rank 42 and torch world size 64.
Rank 2/64: Process group initialized with torch rank 2 and torch world size 64.
Rank 38/64: Process group initialized with torch rank 38 and torch world size 64.
Rank 63/64: Process group initialized with torch rank 63 and torch world size 64.
Rank 41/64: Process group initialized with torch rank 41 and torch world size 64.
Rank 3/64: Process group initialized with torch rank 3 and torch world size 64.
Rank 61/64: Process group initialized with torch rank 61 and torch world size 64.
Rank 43/64: Process group initialized with torch rank 43 and torch world size 64.
Rank 54/64: Process group initialized with torch rank 54 and torch world size 64.
Rank 12/64: Process group initialized with torch rank 12 and torch world size 64.
Rank 55/64: Process group initialized with torch rank 55 and torch world size 64.
Rank 53/64: Process group initialized with torch rank 53 and torch world size 64.
Rank 62/64: Process group initialized with torch rank 62 and torch world size 64.
Rank 45/64: Process group initialized with torch rank 45 and torch world size 64.
Rank 47/64: Process group initialized with torch rank 47 and torch world size 64.
Rank 46/64: Process group initialized with torch rank 46 and torch world size 64.
Rank 59/64: Process group initialized with torch rank 59 and torch world size 64.
Rank 58/64: Process group initialized with torch rank 58 and torch world size 64.
Rank 57/64: Process group initialized with torch rank 57 and torch world size 64.
Rank 21: world_size 64, slurm_localid 1
Rank 22: world_size 64, slurm_localid 2
Rank 20: world_size 64, slurm_localid 0
Rank 23: world_size 64, slurm_localid 3
Rank 9: world_size 64, slurm_localid 1
Rank 8: world_size 64, slurm_localid 0
Rank 10: world_size 64, slurm_localid 2
Rank 11: world_size 64, slurm_localid 3
Rank 16: world_size 64, slurm_localid 0
Rank 17: world_size 64, slurm_localid 1
Rank 18: world_size 64, slurm_localid 2
Rank 19: world_size 64, slurm_localid 3
Rank 5: world_size 64, slurm_localid 1
Rank 6: world_size 64, slurm_localid 2
Rank 7: world_size 64, slurm_localid 3
Rank 4: world_size 64, slurm_localid 0
Rank 28: world_size 64, slurm_localid 0
Rank 30: world_size 64, slurm_localid 2
Rank 31: world_size 64, slurm_localid 3
Rank 29: world_size 64, slurm_localid 1
Rank 24: world_size 64, slurm_localid 0
Rank 25: world_size 64, slurm_localid 1
Rank 26: world_size 64, slurm_localid 2
Rank 27: world_size 64, slurm_localid 3
Rank 32/64: Process group initialized with torch rank 32 and torch world size 64.
Rank 48/64: Process group initialized with torch rank 48 and torch world size 64.
Rank 33/64: Process group initialized with torch rank 33 and torch world size 64.
Rank 35/64: Process group initialized with torch rank 35 and torch world size 64.
Rank 34/64: Process group initialized with torch rank 34 and torch world size 64.
Rank 49/64: Process group initialized with torch rank 49 and torch world size 64.
Rank 50/64: Process group initialized with torch rank 50 and torch world size 64.
Rank 51/64: Process group initialized with torch rank 51 and torch world size 64.
Rank 4/64: Process group initialized with torch rank 4 and torch world size 64.
Rank 16/64: Process group initialized with torch rank 16 and torch world size 64.
Rank 20/64: Process group initialized with torch rank 20 and torch world size 64.
Rank 8/64: Process group initialized with torch rank 8 and torch world size 64.
Rank 28/64: Process group initialized with torch rank 28 and torch world size 64.
Rank 24/64: Process group initialized with torch rank 24 and torch world size 64.
Rank 17/64: Process group initialized with torch rank 17 and torch world size 64.
Rank 18/64: Process group initialized with torch rank 18 and torch world size 64.
Rank 19/64: Process group initialized with torch rank 19 and torch world size 64.
Rank 23/64: Process group initialized with torch rank 23 and torch world size 64.
Rank 21/64: Process group initialized with torch rank 21 and torch world size 64.
Rank 22/64: Process group initialized with torch rank 22 and torch world size 64.
Rank 6/64: Process group initialized with torch rank 6 and torch world size 64.
Rank 7/64: Process group initialized with torch rank 7 and torch world size 64.
Rank 5/64: Process group initialized with torch rank 5 and torch world size 64.
Rank 26/64: Process group initialized with torch rank 26 and torch world size 64.
Rank 9/64: Process group initialized with torch rank 9 and torch world size 64.
Rank 10/64: Process group initialized with torch rank 10 and torch world size 64.
Rank 11/64: Process group initialized with torch rank 11 and torch world size 64.
Rank 31/64: Process group initialized with torch rank 31 and torch world size 64.
Rank 30/64: Process group initialized with torch rank 30 and torch world size 64.
Rank 29/64: Process group initialized with torch rank 29 and torch world size 64.
Rank 27/64: Process group initialized with torch rank 27 and torch world size 64.
Rank 25/64: Process group initialized with torch rank 25 and torch world size 64.
Rank 0/64: Process group initialized with torch rank 0 and torch world size 64.
Training parameters {'lr': 0.0001, 'lr_embedding': 2e-05, 'lr_recovery': 2e-05, 'loss': 'L2', 'lr_constant': False, 'train_batch': 1, 'valid_batch': 1, 'identity': False, 'grad_clip': 1, 'save_dir': '/hkfs/work/workspace/scratch/ke4365-summa/experiments/scaling/DDP/node_1/two', 'preload': False, 'file_path': '/hkfs/work/workspace/scratch/ke4365-summa/experiments/scaling/DDP/node_1/two', 'load_path': '/hkfs/work/workspace/scratch/ke4365-summa/experiments/scaling/DDP/node_1/two', 'area_weighted': True, 'print': False, 'tf32': True}
Model parameters {'hidden_dim': 8192, 'spatial_hidden_dim_fraction': 0.5, 'features_hidden_dim_fraction': 1, 'mixing_blocks': 3, 'model_parallel': True, 'patch_size': 60, 'stride': 60, 'add': False, 'positional_encoding': False, 'patch_embed': 1, 'latent_rollout': 1, 'upt': False, 'concat': True, 'linear_residual': True, 'dropout': 0.001}
Training subset size 3200
Reading from /hkfs/work/workspace/scratch/ke4365-era5_data/era5_subset.zarr
[Errno 2] No such file or directory: '/hkfs/work/workspace/scratch/ke4365-summa/experiments/scaling/DDP/node_1/two/model_1.pt'
Rank 3 running on CPU core: 102 Allocated GPU(s):, 0,1,2,3
[Errno 2] No such file or directory: '/hkfs/work/workspace/scratch/ke4365-summa/experiments/scaling/DDP/node_1/two/model_1.pt'
[Errno 2] No such file or directory: '/hkfs/work/workspace/scratch/ke4365-summa/experiments/scaling/DDP/node_1/two/model_0.pt'
[Errno 2] No such file or directory: '/hkfs/work/workspace/scratch/ke4365-summa/experiments/scaling/DDP/node_1/two/model_1.pt'
[Errno 2] No such file or directory: '/hkfs/work/workspace/scratch/ke4365-summa/experiments/scaling/DDP/node_1/two/model_0.pt'
Rank 2 running on CPU core: 2 Allocated GPU(s):, 0,1,2,3
Rank 1 running on CPU core: 12 Allocated GPU(s):, 0,1,2,3
Rank 3 running on CPU core: 39 Allocated GPU(s):, 0,1,2,3
Rank 0 running on CPU core: 96 Allocated GPU(s):, 0,1,2,3
[Errno 2] No such file or directory: '/hkfs/work/workspace/scratch/ke4365-summa/experiments/scaling/DDP/node_1/two/model_1.pt'
[Errno 2] No such file or directory: '/hkfs/work/workspace/scratch/ke4365-summa/experiments/scaling/DDP/node_1/two/model_0.pt'
Rank 1 running on CPU core: 75 Allocated GPU(s):, 0,1,2,3
[Errno 2] No such file or directory: '/hkfs/work/workspace/scratch/ke4365-summa/experiments/scaling/DDP/node_1/two/model_0.pt'
Rank 2 running on CPU core: 40 Allocated GPU(s):, 0,1,2,3
[Errno 2] No such file or directory: '/hkfs/work/workspace/scratch/ke4365-summa/experiments/scaling/DDP/node_1/two/model_1.pt'
[Errno 2] No such file or directory: '/hkfs/work/workspace/scratch/ke4365-summa/experiments/scaling/DDP/node_1/two/model_1.pt'
Rank 0 running on CPU core: 125 Allocated GPU(s):, 0,1,2,3
model has 1404.881688 million parameters
Estimated forward TFLOPs and GB_COMM: 32.282788102375996, 3.560186505317688
[Errno 2] No such file or directory: '/hkfs/work/workspace/scratch/ke4365-summa/experiments/scaling/DDP/node_1/two/model_0.pt'
Initializing model from scratch
Rank 1 running on CPU core: 5 Allocated GPU(s):, 0,1,2,3
Rank 1 running on CPU core: 2 Allocated GPU(s):, 0,1,2,3
[Errno 2] No such file or directory: '/hkfs/work/workspace/scratch/ke4365-summa/experiments/scaling/DDP/node_1/two/model_1.pt'
Rank 0 running on CPU core: 41 Allocated GPU(s):, 0,1,2,3
[Errno 2] No such file or directory: '/hkfs/work/workspace/scratch/ke4365-summa/experiments/scaling/DDP/node_1/two/model_0.pt'
Rank 3 running on CPU core: 38 Allocated GPU(s):, 0,1,2,3
Rank 2 running on CPU core: 74 Allocated GPU(s):, 0,1,2,3
[Errno 2] No such file or directory: '/hkfs/work/workspace/scratch/ke4365-summa/experiments/scaling/DDP/node_1/two/model_0.pt'
Rank 2 running on CPU core: 1 Allocated GPU(s):, 0,1,2,3
[Errno 2] No such file or directory: '/hkfs/work/workspace/scratch/ke4365-summa/experiments/scaling/DDP/node_1/two/model_0.pt'
[Errno 2] No such file or directory: '/hkfs/work/workspace/scratch/ke4365-summa/experiments/scaling/DDP/node_1/two/model_1.pt'
[Errno 2] No such file or directory: '/hkfs/work/workspace/scratch/ke4365-summa/experiments/scaling/DDP/node_1/two/model_0.pt'
Rank 2 running on CPU core: 58 Allocated GPU(s):, 0,1,2,3
Rank 3 running on CPU core: 41 Allocated GPU(s):, 0,1,2,3
[Errno 2] No such file or directory: '/hkfs/work/workspace/scratch/ke4365-summa/experiments/scaling/DDP/node_1/two/model_0.pt'
[Errno 2] No such file or directory: '/hkfs/work/workspace/scratch/ke4365-summa/experiments/scaling/DDP/node_1/two/model_1.pt'
[Errno 2] No such file or directory: '/hkfs/work/workspace/scratch/ke4365-summa/experiments/scaling/DDP/node_1/two/model_1.pt'
Rank 0 running on CPU core: 71 Allocated GPU(s):, 0,1,2,3
Rank 0 running on CPU core: 46 Allocated GPU(s):, 0,1,2,3
Rank 3 running on CPU core: 42 Allocated GPU(s):, 0,1,2,3
[Errno 2] No such file or directory: '/hkfs/work/workspace/scratch/ke4365-summa/experiments/scaling/DDP/node_1/two/model_1.pt'
Rank 1 running on CPU core: 43 Allocated GPU(s):, 0,1,2,3
Rank 3 running on CPU core: 4 Allocated GPU(s):, 0,1,2,3
[Errno 2] No such file or directory: '/hkfs/work/workspace/scratch/ke4365-summa/experiments/scaling/DDP/node_1/two/model_0.pt'
[Errno 2] No such file or directory: '/hkfs/work/workspace/scratch/ke4365-summa/experiments/scaling/DDP/node_1/two/model_0.pt'
[Errno 2] No such file or directory: '/hkfs/work/workspace/scratch/ke4365-summa/experiments/scaling/DDP/node_1/two/model_1.pt'
[Errno 2] No such file or directory: '/hkfs/work/workspace/scratch/ke4365-summa/experiments/scaling/DDP/node_1/two/model_0.pt'
[Errno 2] No such file or directory: '/hkfs/work/workspace/scratch/ke4365-summa/experiments/scaling/DDP/node_1/two/model_1.pt'
Rank 2 running on CPU core: 1 Allocated GPU(s):, 0,1,2,3
[Errno 2] No such file or directory: '/hkfs/work/workspace/scratch/ke4365-summa/experiments/scaling/DDP/node_1/two/model_1.pt'
Rank 2 running on CPU core: 151 Allocated GPU(s):, 0,1,2,3
Rank 0 running on CPU core: 117 Allocated GPU(s):, 0,1,2,3
Rank 1 running on CPU core: 39 Allocated GPU(s):, 0,1,2,3
[Errno 2] No such file or directory: '/hkfs/work/workspace/scratch/ke4365-summa/experiments/scaling/DDP/node_1/two/model_0.pt'
Rank 1 running on CPU core: 42 Allocated GPU(s):, 0,1,2,3
Rank 3 running on CPU core: 44 Allocated GPU(s):, 0,1,2,3
Rank 0 running on CPU core: 114 Allocated GPU(s):, 0,1,2,3
[Errno 2] No such file or directory: '/hkfs/work/workspace/scratch/ke4365-summa/experiments/scaling/DDP/node_1/two/model_0.pt'
[Errno 2] No such file or directory: '/hkfs/work/workspace/scratch/ke4365-summa/experiments/scaling/DDP/node_1/two/model_1.pt'
[Errno 2] No such file or directory: '/hkfs/work/workspace/scratch/ke4365-summa/experiments/scaling/DDP/node_1/two/model_0.pt'
Rank 0 running on CPU core: 41 Allocated GPU(s):, 0,1,2,3
[Errno 2] No such file or directory: '/hkfs/work/workspace/scratch/ke4365-summa/experiments/scaling/DDP/node_1/two/model_1.pt'
Rank 1 running on CPU core: 42 Allocated GPU(s):, 0,1,2,3
Rank 2 running on CPU core: 39 Allocated GPU(s):, 0,1,2,3
Rank 3 running on CPU core: 40 Allocated GPU(s):, 0,1,2,3
[Errno 2] No such file or directory: '/hkfs/work/workspace/scratch/ke4365-summa/experiments/scaling/DDP/node_1/two/model_0.pt'
[Errno 2] No such file or directory: '/hkfs/work/workspace/scratch/ke4365-summa/experiments/scaling/DDP/node_1/two/model_1.pt'
Rank 3 running on CPU core: 39 Allocated GPU(s):, 0,1,2,3
Rank 2 running on CPU core: 0 Allocated GPU(s):, 0,1,2,3
[Errno 2] No such file or directory: '/hkfs/work/workspace/scratch/ke4365-summa/experiments/scaling/DDP/node_1/two/model_1.pt'
[Errno 2] No such file or directory: '/hkfs/work/workspace/scratch/ke4365-summa/experiments/scaling/DDP/node_1/two/model_0.pt'
[Errno 2] No such file or directory: '/hkfs/work/workspace/scratch/ke4365-summa/experiments/scaling/DDP/node_1/two/model_0.pt'
[Errno 2] No such file or directory: '/hkfs/work/workspace/scratch/ke4365-summa/experiments/scaling/DDP/node_1/two/model_1.pt'
[Errno 2] No such file or directory: '/hkfs/work/workspace/scratch/ke4365-summa/experiments/scaling/DDP/node_1/two/model_1.pt'
[Errno 2] No such file or directory: '/hkfs/work/workspace/scratch/ke4365-summa/experiments/scaling/DDP/node_1/two/model_0.pt'
Rank 1 running on CPU core: 4 Allocated GPU(s):, 0,1,2,3
Rank 0 running on CPU core: 119 Allocated GPU(s):, 0,1,2,3
Rank 3 running on CPU core: 44 Allocated GPU(s):, 0,1,2,3
Rank 2 running on CPU core: 38 Allocated GPU(s):, 0,1,2,3
Rank 0 running on CPU core: 75 Allocated GPU(s):, 0,1,2,3
Rank 1 running on CPU core: 151 Allocated GPU(s):, 0,1,2,3
[Errno 2] No such file or directory: '/hkfs/work/workspace/scratch/ke4365-summa/experiments/scaling/DDP/node_1/two/model_1.pt'
[Errno 2] No such file or directory: '/hkfs/work/workspace/scratch/ke4365-summa/experiments/scaling/DDP/node_1/two/model_0.pt'
[Errno 2] No such file or directory: '/hkfs/work/workspace/scratch/ke4365-summa/experiments/scaling/DDP/node_1/two/model_1.pt'
[Errno 2] No such file or directory: '/hkfs/work/workspace/scratch/ke4365-summa/experiments/scaling/DDP/node_1/two/model_0.pt'
Rank 2 running on CPU core: 45 Allocated GPU(s):, 0,1,2,3
[Errno 2] No such file or directory: '/hkfs/work/workspace/scratch/ke4365-summa/experiments/scaling/DDP/node_1/two/model_0.pt'
[Errno 2] No such file or directory: '/hkfs/work/workspace/scratch/ke4365-summa/experiments/scaling/DDP/node_1/two/model_0.pt'
Rank 3 running on CPU core: 1 Allocated GPU(s):, 0,1,2,3
Rank 1 running on CPU core: 42 Allocated GPU(s):, 0,1,2,3
Rank 0 running on CPU core: 41 Allocated GPU(s):, 0,1,2,3
Rank 0 running on CPU core: 72 Allocated GPU(s):, 0,1,2,3
[Errno 2] No such file or directory: '/hkfs/work/workspace/scratch/ke4365-summa/experiments/scaling/DDP/node_1/two/model_1.pt'
Rank 2 running on CPU core: 46 Allocated GPU(s):, 0,1,2,3
Rank 3 running on CPU core: 48 Allocated GPU(s):, 0,1,2,3
[Errno 2] No such file or directory: '/hkfs/work/workspace/scratch/ke4365-summa/experiments/scaling/DDP/node_1/two/model_1.pt'
Rank 1 running on CPU core: 38 Allocated GPU(s):, 0,1,2,3
[Errno 2] No such file or directory: '/hkfs/work/workspace/scratch/ke4365-summa/experiments/scaling/DDP/node_1/two/model_0.pt'
[Errno 2] No such file or directory: '/hkfs/work/workspace/scratch/ke4365-summa/experiments/scaling/DDP/node_1/two/model_1.pt'
[Errno 2] No such file or directory: '/hkfs/work/workspace/scratch/ke4365-summa/experiments/scaling/DDP/node_1/two/model_0.pt'
Rank 1 running on CPU core: 38 Allocated GPU(s):, 0,1,2,3
Rank 0 running on CPU core: 0 Allocated GPU(s):, 0,1,2,3
[Errno 2] No such file or directory: '/hkfs/work/workspace/scratch/ke4365-summa/experiments/scaling/DDP/node_1/two/model_1.pt'
Rank 2 running on CPU core: 40 Allocated GPU(s):, 0,1,2,3
Rank 3 running on CPU core: 19 Allocated GPU(s):, 0,1,2,3
[Errno 2] No such file or directory: '/hkfs/work/workspace/scratch/ke4365-summa/experiments/scaling/DDP/node_1/two/model_0.pt'
Rank 0 running on CPU core: 1 Allocated GPU(s):, 0,1,2,3
[Errno 2] No such file or directory: '/hkfs/work/workspace/scratch/ke4365-summa/experiments/scaling/DDP/node_1/two/model_1.pt'
[Errno 2] No such file or directory: '/hkfs/work/workspace/scratch/ke4365-summa/experiments/scaling/DDP/node_1/two/model_0.pt'
[Errno 2] No such file or directory: '/hkfs/work/workspace/scratch/ke4365-summa/experiments/scaling/DDP/node_1/two/model_1.pt'
Rank 2 running on CPU core: 117 Allocated GPU(s):, 0,1,2,3
Rank 1 running on CPU core: 115 Allocated GPU(s):, 0,1,2,3
Rank 3 running on CPU core: 116 Allocated GPU(s):, 0,1,2,3
[Errno 2] No such file or directory: '/hkfs/work/workspace/scratch/ke4365-summa/experiments/scaling/DDP/node_1/two/model_1.pt'
[Errno 2] No such file or directory: '/hkfs/work/workspace/scratch/ke4365-summa/experiments/scaling/DDP/node_1/two/model_0.pt'
Rank 2 running on CPU core: 19 Allocated GPU(s):, 0,1,2,3
Rank 1 running on CPU core: 43 Allocated GPU(s):, 0,1,2,3
[Errno 2] No such file or directory: '/hkfs/work/workspace/scratch/ke4365-summa/experiments/scaling/DDP/node_1/two/model_0.pt'
Rank 0 running on CPU core: 22 Allocated GPU(s):, 0,1,2,3
[Errno 2] No such file or directory: '/hkfs/work/workspace/scratch/ke4365-summa/experiments/scaling/DDP/node_1/two/model_1.pt'
Rank 3 running on CPU core: 1 Allocated GPU(s):, 0,1,2,3
[Errno 2] No such file or directory: '/hkfs/work/workspace/scratch/ke4365-summa/experiments/scaling/DDP/node_1/two/model_1.pt'
[Errno 2] No such file or directory: '/hkfs/work/workspace/scratch/ke4365-summa/experiments/scaling/DDP/node_1/two/model_1.pt'
[Errno 2] No such file or directory: '/hkfs/work/workspace/scratch/ke4365-summa/experiments/scaling/DDP/node_1/two/model_0.pt'
Rank 1 running on CPU core: 76 Allocated GPU(s):, 0,1,2,3
[Errno 2] No such file or directory: '/hkfs/work/workspace/scratch/ke4365-summa/experiments/scaling/DDP/node_1/two/model_0.pt'
Rank 3 running on CPU core: 39 Allocated GPU(s):, 0,1,2,3
Rank 0 running on CPU core: 117 Allocated GPU(s):, 0,1,2,3
Rank 2 running on CPU core: 42 Allocated GPU(s):, 0,1,2,3
/hkfs/work/workspace/scratch/ke4365-summa/.venv/lib64/python3.11/site-packages/torch/autograd/function.py:575: UserWarning: TORCH_NCCL_AVOID_RECORD_STREAMS=1 has no effect for point-to-point collectives. (Triggered internally at /pytorch/torch/csrc/distributed/c10d/ProcessGroupNCCL.cpp:3436.)
  return super().apply(*args, **kwargs)  # type: ignore[misc]
/hkfs/work/workspace/scratch/ke4365-summa/.venv/lib64/python3.11/site-packages/torch/autograd/function.py:575: UserWarning: TORCH_NCCL_AVOID_RECORD_STREAMS=1 has no effect for point-to-point collectives. (Triggered internally at /pytorch/torch/csrc/distributed/c10d/ProcessGroupNCCL.cpp:3436.)
  return super().apply(*args, **kwargs)  # type: ignore[misc]
/hkfs/work/workspace/scratch/ke4365-summa/.venv/lib64/python3.11/site-packages/torch/autograd/function.py:575: UserWarning: TORCH_NCCL_AVOID_RECORD_STREAMS=1 has no effect for point-to-point collectives. (Triggered internally at /pytorch/torch/csrc/distributed/c10d/ProcessGroupNCCL.cpp:3436.)
  return super().apply(*args, **kwargs)  # type: ignore[misc]
/hkfs/work/workspace/scratch/ke4365-summa/.venv/lib64/python3.11/site-packages/torch/autograd/function.py:575: UserWarning: TORCH_NCCL_AVOID_RECORD_STREAMS=1 has no effect for point-to-point collectives. (Triggered internally at /pytorch/torch/csrc/distributed/c10d/ProcessGroupNCCL.cpp:3436.)
  return super().apply(*args, **kwargs)  # type: ignore[misc]
/hkfs/work/workspace/scratch/ke4365-summa/.venv/lib64/python3.11/site-packages/torch/autograd/function.py:575: UserWarning: TORCH_NCCL_AVOID_RECORD_STREAMS=1 has no effect for point-to-point collectives. (Triggered internally at /pytorch/torch/csrc/distributed/c10d/ProcessGroupNCCL.cpp:3436.)
  return super().apply(*args, **kwargs)  # type: ignore[misc]
/hkfs/work/workspace/scratch/ke4365-summa/.venv/lib64/python3.11/site-packages/torch/autograd/function.py:575: UserWarning: TORCH_NCCL_AVOID_RECORD_STREAMS=1 has no effect for point-to-point collectives. (Triggered internally at /pytorch/torch/csrc/distributed/c10d/ProcessGroupNCCL.cpp:3436.)
  return super().apply(*args, **kwargs)  # type: ignore[misc]
/hkfs/work/workspace/scratch/ke4365-summa/.venv/lib64/python3.11/site-packages/torch/autograd/function.py:575: UserWarning: TORCH_NCCL_AVOID_RECORD_STREAMS=1 has no effect for point-to-point collectives. (Triggered internally at /pytorch/torch/csrc/distributed/c10d/ProcessGroupNCCL.cpp:3436.)
  return super().apply(*args, **kwargs)  # type: ignore[misc]
/hkfs/work/workspace/scratch/ke4365-summa/.venv/lib64/python3.11/site-packages/torch/autograd/function.py:575: UserWarning: TORCH_NCCL_AVOID_RECORD_STREAMS=1 has no effect for point-to-point collectives. (Triggered internally at /pytorch/torch/csrc/distributed/c10d/ProcessGroupNCCL.cpp:3436.)
  return super().apply(*args, **kwargs)  # type: ignore[misc]
/hkfs/work/workspace/scratch/ke4365-summa/.venv/lib64/python3.11/site-packages/torch/autograd/function.py:575: UserWarning: TORCH_NCCL_AVOID_RECORD_STREAMS=1 has no effect for point-to-point collectives. (Triggered internally at /pytorch/torch/csrc/distributed/c10d/ProcessGroupNCCL.cpp:3436.)
  return super().apply(*args, **kwargs)  # type: ignore[misc]
/hkfs/work/workspace/scratch/ke4365-summa/.venv/lib64/python3.11/site-packages/torch/autograd/function.py:575: UserWarning: TORCH_NCCL_AVOID_RECORD_STREAMS=1 has no effect for point-to-point collectives. (Triggered internally at /pytorch/torch/csrc/distributed/c10d/ProcessGroupNCCL.cpp:3436.)
  return super().apply(*args, **kwargs)  # type: ignore[misc]
/hkfs/work/workspace/scratch/ke4365-summa/.venv/lib64/python3.11/site-packages/torch/autograd/function.py:575: UserWarning: TORCH_NCCL_AVOID_RECORD_STREAMS=1 has no effect for point-to-point collectives. (Triggered internally at /pytorch/torch/csrc/distributed/c10d/ProcessGroupNCCL.cpp:3436.)
  return super().apply(*args, **kwargs)  # type: ignore[misc]
/hkfs/work/workspace/scratch/ke4365-summa/.venv/lib64/python3.11/site-packages/torch/autograd/function.py:575: UserWarning: TORCH_NCCL_AVOID_RECORD_STREAMS=1 has no effect for point-to-point collectives. (Triggered internally at /pytorch/torch/csrc/distributed/c10d/ProcessGroupNCCL.cpp:3436.)
  return super().apply(*args, **kwargs)  # type: ignore[misc]
/hkfs/work/workspace/scratch/ke4365-summa/.venv/lib64/python3.11/site-packages/torch/autograd/function.py:575: UserWarning: TORCH_NCCL_AVOID_RECORD_STREAMS=1 has no effect for point-to-point collectives. (Triggered internally at /pytorch/torch/csrc/distributed/c10d/ProcessGroupNCCL.cpp:3436.)
  return super().apply(*args, **kwargs)  # type: ignore[misc]
/hkfs/work/workspace/scratch/ke4365-summa/.venv/lib64/python3.11/site-packages/torch/autograd/function.py:575: UserWarning: TORCH_NCCL_AVOID_RECORD_STREAMS=1 has no effect for point-to-point collectives. (Triggered internally at /pytorch/torch/csrc/distributed/c10d/ProcessGroupNCCL.cpp:3436.)
  return super().apply(*args, **kwargs)  # type: ignore[misc]
/hkfs/work/workspace/scratch/ke4365-summa/.venv/lib64/python3.11/site-packages/torch/autograd/function.py:575: UserWarning: TORCH_NCCL_AVOID_RECORD_STREAMS=1 has no effect for point-to-point collectives. (Triggered internally at /pytorch/torch/csrc/distributed/c10d/ProcessGroupNCCL.cpp:3436.)
  return super().apply(*args, **kwargs)  # type: ignore[misc]
/hkfs/work/workspace/scratch/ke4365-summa/.venv/lib64/python3.11/site-packages/torch/autograd/function.py:575: UserWarning: TORCH_NCCL_AVOID_RECORD_STREAMS=1 has no effect for point-to-point collectives. (Triggered internally at /pytorch/torch/csrc/distributed/c10d/ProcessGroupNCCL.cpp:3436.)
  return super().apply(*args, **kwargs)  # type: ignore[misc]
/hkfs/work/workspace/scratch/ke4365-summa/.venv/lib64/python3.11/site-packages/torch/autograd/function.py:575: UserWarning: TORCH_NCCL_AVOID_RECORD_STREAMS=1 has no effect for point-to-point collectives. (Triggered internally at /pytorch/torch/csrc/distributed/c10d/ProcessGroupNCCL.cpp:3436.)
  return super().apply(*args, **kwargs)  # type: ignore[misc]
/hkfs/work/workspace/scratch/ke4365-summa/.venv/lib64/python3.11/site-packages/torch/autograd/function.py:575: UserWarning: TORCH_NCCL_AVOID_RECORD_STREAMS=1 has no effect for point-to-point collectives. (Triggered internally at /pytorch/torch/csrc/distributed/c10d/ProcessGroupNCCL.cpp:3436.)
  return super().apply(*args, **kwargs)  # type: ignore[misc]
/hkfs/work/workspace/scratch/ke4365-summa/.venv/lib64/python3.11/site-packages/torch/autograd/function.py:575: UserWarning: TORCH_NCCL_AVOID_RECORD_STREAMS=1 has no effect for point-to-point collectives. (Triggered internally at /pytorch/torch/csrc/distributed/c10d/ProcessGroupNCCL.cpp:3436.)
  return super().apply(*args, **kwargs)  # type: ignore[misc]
/hkfs/work/workspace/scratch/ke4365-summa/.venv/lib64/python3.11/site-packages/torch/autograd/function.py:575: UserWarning: TORCH_NCCL_AVOID_RECORD_STREAMS=1 has no effect for point-to-point collectives. (Triggered internally at /pytorch/torch/csrc/distributed/c10d/ProcessGroupNCCL.cpp:3436.)
  return super().apply(*args, **kwargs)  # type: ignore[misc]
/hkfs/work/workspace/scratch/ke4365-summa/.venv/lib64/python3.11/site-packages/torch/autograd/function.py:575: UserWarning: TORCH_NCCL_AVOID_RECORD_STREAMS=1 has no effect for point-to-point collectives. (Triggered internally at /pytorch/torch/csrc/distributed/c10d/ProcessGroupNCCL.cpp:3436.)
  return super().apply(*args, **kwargs)  # type: ignore[misc]
/hkfs/work/workspace/scratch/ke4365-summa/.venv/lib64/python3.11/site-packages/torch/autograd/function.py:575: UserWarning: TORCH_NCCL_AVOID_RECORD_STREAMS=1 has no effect for point-to-point collectives. (Triggered internally at /pytorch/torch/csrc/distributed/c10d/ProcessGroupNCCL.cpp:3436.)
  return super().apply(*args, **kwargs)  # type: ignore[misc]
/hkfs/work/workspace/scratch/ke4365-summa/.venv/lib64/python3.11/site-packages/torch/autograd/function.py:575: UserWarning: TORCH_NCCL_AVOID_RECORD_STREAMS=1 has no effect for point-to-point collectives. (Triggered internally at /pytorch/torch/csrc/distributed/c10d/ProcessGroupNCCL.cpp:3436.)
  return super().apply(*args, **kwargs)  # type: ignore[misc]
/hkfs/work/workspace/scratch/ke4365-summa/.venv/lib64/python3.11/site-packages/torch/autograd/function.py:575: UserWarning: TORCH_NCCL_AVOID_RECORD_STREAMS=1 has no effect for point-to-point collectives. (Triggered internally at /pytorch/torch/csrc/distributed/c10d/ProcessGroupNCCL.cpp:3436.)
  return super().apply(*args, **kwargs)  # type: ignore[misc]
/hkfs/work/workspace/scratch/ke4365-summa/.venv/lib64/python3.11/site-packages/torch/autograd/function.py:575: UserWarning: TORCH_NCCL_AVOID_RECORD_STREAMS=1 has no effect for point-to-point collectives. (Triggered internally at /pytorch/torch/csrc/distributed/c10d/ProcessGroupNCCL.cpp:3436.)
  return super().apply(*args, **kwargs)  # type: ignore[misc]
/hkfs/work/workspace/scratch/ke4365-summa/.venv/lib64/python3.11/site-packages/torch/autograd/function.py:575: UserWarning: TORCH_NCCL_AVOID_RECORD_STREAMS=1 has no effect for point-to-point collectives. (Triggered internally at /pytorch/torch/csrc/distributed/c10d/ProcessGroupNCCL.cpp:3436.)
  return super().apply(*args, **kwargs)  # type: ignore[misc]
/hkfs/work/workspace/scratch/ke4365-summa/.venv/lib64/python3.11/site-packages/torch/autograd/function.py:575: UserWarning: TORCH_NCCL_AVOID_RECORD_STREAMS=1 has no effect for point-to-point collectives. (Triggered internally at /pytorch/torch/csrc/distributed/c10d/ProcessGroupNCCL.cpp:3436.)
  return super().apply(*args, **kwargs)  # type: ignore[misc]
/hkfs/work/workspace/scratch/ke4365-summa/.venv/lib64/python3.11/site-packages/torch/autograd/function.py:575: UserWarning: TORCH_NCCL_AVOID_RECORD_STREAMS=1 has no effect for point-to-point collectives. (Triggered internally at /pytorch/torch/csrc/distributed/c10d/ProcessGroupNCCL.cpp:3436.)
  return super().apply(*args, **kwargs)  # type: ignore[misc]
/hkfs/work/workspace/scratch/ke4365-summa/.venv/lib64/python3.11/site-packages/torch/autograd/function.py:575: UserWarning: TORCH_NCCL_AVOID_RECORD_STREAMS=1 has no effect for point-to-point collectives. (Triggered internally at /pytorch/torch/csrc/distributed/c10d/ProcessGroupNCCL.cpp:3436.)
  return super().apply(*args, **kwargs)  # type: ignore[misc]
/hkfs/work/workspace/scratch/ke4365-summa/.venv/lib64/python3.11/site-packages/torch/autograd/function.py:575: UserWarning: TORCH_NCCL_AVOID_RECORD_STREAMS=1 has no effect for point-to-point collectives. (Triggered internally at /pytorch/torch/csrc/distributed/c10d/ProcessGroupNCCL.cpp:3436.)
  return super().apply(*args, **kwargs)  # type: ignore[misc]
/hkfs/work/workspace/scratch/ke4365-summa/.venv/lib64/python3.11/site-packages/torch/autograd/function.py:575: UserWarning: TORCH_NCCL_AVOID_RECORD_STREAMS=1 has no effect for point-to-point collectives. (Triggered internally at /pytorch/torch/csrc/distributed/c10d/ProcessGroupNCCL.cpp:3436.)
  return super().apply(*args, **kwargs)  # type: ignore[misc]
/hkfs/work/workspace/scratch/ke4365-summa/.venv/lib64/python3.11/site-packages/torch/autograd/function.py:575: UserWarning: TORCH_NCCL_AVOID_RECORD_STREAMS=1 has no effect for point-to-point collectives. (Triggered internally at /pytorch/torch/csrc/distributed/c10d/ProcessGroupNCCL.cpp:3436.)
  return super().apply(*args, **kwargs)  # type: ignore[misc]
/hkfs/work/workspace/scratch/ke4365-summa/.venv/lib64/python3.11/site-packages/torch/autograd/function.py:575: UserWarning: TORCH_NCCL_AVOID_RECORD_STREAMS=1 has no effect for point-to-point collectives. (Triggered internally at /pytorch/torch/csrc/distributed/c10d/ProcessGroupNCCL.cpp:3436.)
  return super().apply(*args, **kwargs)  # type: ignore[misc]
/hkfs/work/workspace/scratch/ke4365-summa/.venv/lib64/python3.11/site-packages/torch/autograd/function.py:575: UserWarning: TORCH_NCCL_AVOID_RECORD_STREAMS=1 has no effect for point-to-point collectives. (Triggered internally at /pytorch/torch/csrc/distributed/c10d/ProcessGroupNCCL.cpp:3436.)
  return super().apply(*args, **kwargs)  # type: ignore[misc]
/hkfs/work/workspace/scratch/ke4365-summa/.venv/lib64/python3.11/site-packages/torch/autograd/function.py:575: UserWarning: TORCH_NCCL_AVOID_RECORD_STREAMS=1 has no effect for point-to-point collectives. (Triggered internally at /pytorch/torch/csrc/distributed/c10d/ProcessGroupNCCL.cpp:3436.)
  return super().apply(*args, **kwargs)  # type: ignore[misc]
/hkfs/work/workspace/scratch/ke4365-summa/.venv/lib64/python3.11/site-packages/torch/autograd/function.py:575: UserWarning: TORCH_NCCL_AVOID_RECORD_STREAMS=1 has no effect for point-to-point collectives. (Triggered internally at /pytorch/torch/csrc/distributed/c10d/ProcessGroupNCCL.cpp:3436.)
  return super().apply(*args, **kwargs)  # type: ignore[misc]
/hkfs/work/workspace/scratch/ke4365-summa/.venv/lib64/python3.11/site-packages/torch/autograd/function.py:575: UserWarning: TORCH_NCCL_AVOID_RECORD_STREAMS=1 has no effect for point-to-point collectives. (Triggered internally at /pytorch/torch/csrc/distributed/c10d/ProcessGroupNCCL.cpp:3436.)
  return super().apply(*args, **kwargs)  # type: ignore[misc]
/hkfs/work/workspace/scratch/ke4365-summa/.venv/lib64/python3.11/site-packages/torch/autograd/function.py:575: UserWarning: TORCH_NCCL_AVOID_RECORD_STREAMS=1 has no effect for point-to-point collectives. (Triggered internally at /pytorch/torch/csrc/distributed/c10d/ProcessGroupNCCL.cpp:3436.)
  return super().apply(*args, **kwargs)  # type: ignore[misc]
/hkfs/work/workspace/scratch/ke4365-summa/.venv/lib64/python3.11/site-packages/torch/autograd/function.py:575: UserWarning: TORCH_NCCL_AVOID_RECORD_STREAMS=1 has no effect for point-to-point collectives. (Triggered internally at /pytorch/torch/csrc/distributed/c10d/ProcessGroupNCCL.cpp:3436.)
  return super().apply(*args, **kwargs)  # type: ignore[misc]
/hkfs/work/workspace/scratch/ke4365-summa/.venv/lib64/python3.11/site-packages/torch/autograd/function.py:575: UserWarning: TORCH_NCCL_AVOID_RECORD_STREAMS=1 has no effect for point-to-point collectives. (Triggered internally at /pytorch/torch/csrc/distributed/c10d/ProcessGroupNCCL.cpp:3436.)
  return super().apply(*args, **kwargs)  # type: ignore[misc]
/hkfs/work/workspace/scratch/ke4365-summa/.venv/lib64/python3.11/site-packages/torch/autograd/function.py:575: UserWarning: TORCH_NCCL_AVOID_RECORD_STREAMS=1 has no effect for point-to-point collectives. (Triggered internally at /pytorch/torch/csrc/distributed/c10d/ProcessGroupNCCL.cpp:3436.)
  return super().apply(*args, **kwargs)  # type: ignore[misc]
/hkfs/work/workspace/scratch/ke4365-summa/.venv/lib64/python3.11/site-packages/torch/autograd/function.py:575: UserWarning: TORCH_NCCL_AVOID_RECORD_STREAMS=1 has no effect for point-to-point collectives. (Triggered internally at /pytorch/torch/csrc/distributed/c10d/ProcessGroupNCCL.cpp:3436.)
  return super().apply(*args, **kwargs)  # type: ignore[misc]
/hkfs/work/workspace/scratch/ke4365-summa/.venv/lib64/python3.11/site-packages/torch/autograd/function.py:575: UserWarning: TORCH_NCCL_AVOID_RECORD_STREAMS=1 has no effect for point-to-point collectives. (Triggered internally at /pytorch/torch/csrc/distributed/c10d/ProcessGroupNCCL.cpp:3436.)
  return super().apply(*args, **kwargs)  # type: ignore[misc]
/hkfs/work/workspace/scratch/ke4365-summa/.venv/lib64/python3.11/site-packages/torch/autograd/function.py:575: UserWarning: TORCH_NCCL_AVOID_RECORD_STREAMS=1 has no effect for point-to-point collectives. (Triggered internally at /pytorch/torch/csrc/distributed/c10d/ProcessGroupNCCL.cpp:3436.)
  return super().apply(*args, **kwargs)  # type: ignore[misc]
/hkfs/work/workspace/scratch/ke4365-summa/.venv/lib64/python3.11/site-packages/torch/autograd/function.py:575: UserWarning: TORCH_NCCL_AVOID_RECORD_STREAMS=1 has no effect for point-to-point collectives. (Triggered internally at /pytorch/torch/csrc/distributed/c10d/ProcessGroupNCCL.cpp:3436.)
  return super().apply(*args, **kwargs)  # type: ignore[misc]
/hkfs/work/workspace/scratch/ke4365-summa/.venv/lib64/python3.11/site-packages/torch/autograd/function.py:575: UserWarning: TORCH_NCCL_AVOID_RECORD_STREAMS=1 has no effect for point-to-point collectives. (Triggered internally at /pytorch/torch/csrc/distributed/c10d/ProcessGroupNCCL.cpp:3436.)
  return super().apply(*args, **kwargs)  # type: ignore[misc]
/hkfs/work/workspace/scratch/ke4365-summa/.venv/lib64/python3.11/site-packages/torch/autograd/function.py:575: UserWarning: TORCH_NCCL_AVOID_RECORD_STREAMS=1 has no effect for point-to-point collectives. (Triggered internally at /pytorch/torch/csrc/distributed/c10d/ProcessGroupNCCL.cpp:3436.)
  return super().apply(*args, **kwargs)  # type: ignore[misc]
/hkfs/work/workspace/scratch/ke4365-summa/.venv/lib64/python3.11/site-packages/torch/autograd/function.py:575: UserWarning: TORCH_NCCL_AVOID_RECORD_STREAMS=1 has no effect for point-to-point collectives. (Triggered internally at /pytorch/torch/csrc/distributed/c10d/ProcessGroupNCCL.cpp:3436.)
  return super().apply(*args, **kwargs)  # type: ignore[misc]
/hkfs/work/workspace/scratch/ke4365-summa/.venv/lib64/python3.11/site-packages/torch/autograd/function.py:575: UserWarning: TORCH_NCCL_AVOID_RECORD_STREAMS=1 has no effect for point-to-point collectives. (Triggered internally at /pytorch/torch/csrc/distributed/c10d/ProcessGroupNCCL.cpp:3436.)
  return super().apply(*args, **kwargs)  # type: ignore[misc]
/hkfs/work/workspace/scratch/ke4365-summa/.venv/lib64/python3.11/site-packages/torch/autograd/function.py:575: UserWarning: TORCH_NCCL_AVOID_RECORD_STREAMS=1 has no effect for point-to-point collectives. (Triggered internally at /pytorch/torch/csrc/distributed/c10d/ProcessGroupNCCL.cpp:3436.)
  return super().apply(*args, **kwargs)  # type: ignore[misc]
/hkfs/work/workspace/scratch/ke4365-summa/.venv/lib64/python3.11/site-packages/torch/autograd/function.py:575: UserWarning: TORCH_NCCL_AVOID_RECORD_STREAMS=1 has no effect for point-to-point collectives. (Triggered internally at /pytorch/torch/csrc/distributed/c10d/ProcessGroupNCCL.cpp:3436.)
  return super().apply(*args, **kwargs)  # type: ignore[misc]
/hkfs/work/workspace/scratch/ke4365-summa/.venv/lib64/python3.11/site-packages/torch/autograd/function.py:575: UserWarning: TORCH_NCCL_AVOID_RECORD_STREAMS=1 has no effect for point-to-point collectives. (Triggered internally at /pytorch/torch/csrc/distributed/c10d/ProcessGroupNCCL.cpp:3436.)
  return super().apply(*args, **kwargs)  # type: ignore[misc]
/hkfs/work/workspace/scratch/ke4365-summa/.venv/lib64/python3.11/site-packages/torch/autograd/function.py:575: UserWarning: TORCH_NCCL_AVOID_RECORD_STREAMS=1 has no effect for point-to-point collectives. (Triggered internally at /pytorch/torch/csrc/distributed/c10d/ProcessGroupNCCL.cpp:3436.)
  return super().apply(*args, **kwargs)  # type: ignore[misc]
/hkfs/work/workspace/scratch/ke4365-summa/.venv/lib64/python3.11/site-packages/torch/autograd/function.py:575: UserWarning: TORCH_NCCL_AVOID_RECORD_STREAMS=1 has no effect for point-to-point collectives. (Triggered internally at /pytorch/torch/csrc/distributed/c10d/ProcessGroupNCCL.cpp:3436.)
  return super().apply(*args, **kwargs)  # type: ignore[misc]
/hkfs/work/workspace/scratch/ke4365-summa/.venv/lib64/python3.11/site-packages/torch/autograd/function.py:575: UserWarning: TORCH_NCCL_AVOID_RECORD_STREAMS=1 has no effect for point-to-point collectives. (Triggered internally at /pytorch/torch/csrc/distributed/c10d/ProcessGroupNCCL.cpp:3436.)
  return super().apply(*args, **kwargs)  # type: ignore[misc]
/hkfs/work/workspace/scratch/ke4365-summa/.venv/lib64/python3.11/site-packages/torch/autograd/function.py:575: UserWarning: TORCH_NCCL_AVOID_RECORD_STREAMS=1 has no effect for point-to-point collectives. (Triggered internally at /pytorch/torch/csrc/distributed/c10d/ProcessGroupNCCL.cpp:3436.)
  return super().apply(*args, **kwargs)  # type: ignore[misc]
/hkfs/work/workspace/scratch/ke4365-summa/.venv/lib64/python3.11/site-packages/torch/autograd/function.py:575: UserWarning: TORCH_NCCL_AVOID_RECORD_STREAMS=1 has no effect for point-to-point collectives. (Triggered internally at /pytorch/torch/csrc/distributed/c10d/ProcessGroupNCCL.cpp:3436.)
  return super().apply(*args, **kwargs)  # type: ignore[misc]
/hkfs/work/workspace/scratch/ke4365-summa/.venv/lib64/python3.11/site-packages/torch/autograd/function.py:575: UserWarning: TORCH_NCCL_AVOID_RECORD_STREAMS=1 has no effect for point-to-point collectives. (Triggered internally at /pytorch/torch/csrc/distributed/c10d/ProcessGroupNCCL.cpp:3436.)
  return super().apply(*args, **kwargs)  # type: ignore[misc]
/hkfs/work/workspace/scratch/ke4365-summa/.venv/lib64/python3.11/site-packages/torch/autograd/function.py:575: UserWarning: TORCH_NCCL_AVOID_RECORD_STREAMS=1 has no effect for point-to-point collectives. (Triggered internally at /pytorch/torch/csrc/distributed/c10d/ProcessGroupNCCL.cpp:3436.)
  return super().apply(*args, **kwargs)  # type: ignore[misc]
/hkfs/work/workspace/scratch/ke4365-summa/.venv/lib64/python3.11/site-packages/torch/autograd/function.py:575: UserWarning: TORCH_NCCL_AVOID_RECORD_STREAMS=1 has no effect for point-to-point collectives. (Triggered internally at /pytorch/torch/csrc/distributed/c10d/ProcessGroupNCCL.cpp:3436.)
  return super().apply(*args, **kwargs)  # type: ignore[misc]
/hkfs/work/workspace/scratch/ke4365-summa/.venv/lib64/python3.11/site-packages/torch/autograd/function.py:575: UserWarning: TORCH_NCCL_AVOID_RECORD_STREAMS=1 has no effect for point-to-point collectives. (Triggered internally at /pytorch/torch/csrc/distributed/c10d/ProcessGroupNCCL.cpp:3436.)
  return super().apply(*args, **kwargs)  # type: ignore[misc]
/hkfs/work/workspace/scratch/ke4365-summa/.venv/lib64/python3.11/site-packages/torch/autograd/function.py:575: UserWarning: TORCH_NCCL_AVOID_RECORD_STREAMS=1 has no effect for point-to-point collectives. (Triggered internally at /pytorch/torch/csrc/distributed/c10d/ProcessGroupNCCL.cpp:3436.)
  return super().apply(*args, **kwargs)  # type: ignore[misc]
/hkfs/work/workspace/scratch/ke4365-summa/.venv/lib64/python3.11/site-packages/torch/autograd/function.py:575: UserWarning: TORCH_NCCL_AVOID_RECORD_STREAMS=1 has no effect for point-to-point collectives. (Triggered internally at /pytorch/torch/csrc/distributed/c10d/ProcessGroupNCCL.cpp:3436.)
  return super().apply(*args, **kwargs)  # type: ignore[misc]
/hkfs/work/workspace/scratch/ke4365-summa/.venv/lib64/python3.11/site-packages/torch/autograd/function.py:575: UserWarning: TORCH_NCCL_AVOID_RECORD_STREAMS=1 has no effect for point-to-point collectives. (Triggered internally at /pytorch/torch/csrc/distributed/c10d/ProcessGroupNCCL.cpp:3436.)
  return super().apply(*args, **kwargs)  # type: ignore[misc]
Epoch 0 time [min]: 1.7811498697916666
Epoch 1 time [min]: 1.6918071614583332
Epoch 2 time [min]: 1.6883690104166669
Epoch 3 time [min]: 1.6905252604166667
Epoch 4 time [min]: 1.6945608072916667
Epoch 5 time [min]: 1.6969391927083335
Epoch 6 time [min]: 1.6920595052083334
Epoch 7 time [min]: 1.6956874999999998
Epoch 8 time [min]: 1.6932345052083333
Epoch 9 time [min]: 1.6802523437499999
Epoch 10 time [min]: 1.6973516927083334
Average epoch time is 1.6920786979166667
Std epoch time is 0.004775571131415826

============================= JOB FEEDBACK =============================

Job ID: 3000649
Cluster: hk
User/Group: ke4365/hk-project-epais
Account: hk-project-p0021348
State: COMPLETED (exit code 0)
Partition: accelerated
Nodes: 16
Cores per node: 152
Nodelist: hkn[0436,0501,0504-0505,0507-0510,0512-0513,0515-0520]
CPU Utilized: 3-07:04:02
CPU Efficiency: 9.72% of 33-21:22:08 core-walltime
Job Wall-clock time: 00:20:04
Starttime: Thu Mar 20 12:06:07 2025
Endtime: Thu Mar 20 12:26:11 2025
Memory Utilized: 2.18 TB (estimated maximum)
Memory Efficiency: 0.00% of 0.00 MB (0.00 MB/node)
Energy Consumed: 28847704 Joule / 8013.25111111111 Watthours
Average node power draw: 23959.8870431894 Watt
